On branch develop
Your branch and 'origin/develop' have diverged,
and have 1 and 2 different commits each, respectively.
  (use "git pull" to merge the remote branch into yours)

You have unmerged paths.
  (fix conflicts and run "git commit")
  (use "git merge --abort" to abort the merge)

Changes to be committed:

	modified:   src/fira_maze/rviz/part1.rviz
	modified:   src/fira_maze/script/maze_explorer_3.py

Unmerged paths:
  (use "git add/rm <file>..." as appropriate to mark resolution)

	deleted by them: src/fira_maze/maps/part_2_map.pgm

Changes not staged for commit:
  (use "git add/rm <file>..." to update what will be committed)
  (use "git checkout -- <file>..." to discard changes in working directory)

	modified:   build/CMakeCache.txt
	deleted:    build/CMakeFiles/3.16.3/CMakeCCompiler.cmake
	deleted:    build/CMakeFiles/3.16.3/CMakeCXXCompiler.cmake
	deleted:    build/CMakeFiles/3.16.3/CMakeDetermineCompilerABI_C.bin
	deleted:    build/CMakeFiles/3.16.3/CMakeDetermineCompilerABI_CXX.bin
	deleted:    build/CMakeFiles/3.16.3/CMakeSystem.cmake
	deleted:    build/CMakeFiles/3.16.3/CompilerIdC/CMakeCCompilerId.c
	deleted:    build/CMakeFiles/3.16.3/CompilerIdC/a.out
	deleted:    build/CMakeFiles/3.16.3/CompilerIdCXX/CMakeCXXCompilerId.cpp
	deleted:    build/CMakeFiles/3.16.3/CompilerIdCXX/a.out
	modified:   build/CMakeFiles/CMakeDirectoryInformation.cmake
	modified:   build/CMakeFiles/CMakeError.log
	modified:   build/CMakeFiles/CMakeOutput.log
	modified:   build/CMakeFiles/CMakeRuleHashes.txt
	modified:   build/CMakeFiles/Makefile.cmake
	modified:   build/CMakeFiles/Makefile2
	modified:   build/CMakeFiles/TargetDirectories.txt
	modified:   build/CMakeFiles/clean_test_results.dir/build.make
	modified:   build/CMakeFiles/download_extra_data.dir/build.make
	modified:   build/CMakeFiles/doxygen.dir/build.make
	modified:   build/CMakeFiles/progress.marks
	modified:   build/CMakeFiles/run_tests.dir/build.make
	modified:   build/CMakeFiles/tests.dir/build.make
	modified:   build/CTestConfiguration.ini
	modified:   build/CTestTestfile.cmake
	modified:   build/Makefile
	modified:   build/atomic_configure/_setup_util.py
	deleted:    build/atomic_configure/turtlebot3_bumper
	deleted:    build/atomic_configure/turtlebot3_client
	deleted:    build/atomic_configure/turtlebot3_cliff
	deleted:    build/atomic_configure/turtlebot3_illumination
	deleted:    build/atomic_configure/turtlebot3_marker_server
	deleted:    build/atomic_configure/turtlebot3_obstacle
	deleted:    build/atomic_configure/turtlebot3_pointop_key
	deleted:    build/atomic_configure/turtlebot3_server
	deleted:    build/atomic_configure/turtlebot3_sonar
	deleted:    build/atomic_configure/turtlebot3_teleop_key
	modified:   build/catkin/catkin_generated/version/package.cmake
	modified:   build/catkin_generated/generate_cached_setup.py
	modified:   build/catkin_generated/installspace/_setup_util.py
	modified:   build/catkin_generated/order_packages.cmake
	modified:   build/catkin_generated/order_packages.py
	modified:   build/catkin_generated/setup_cached.sh
	modified:   build/catkin_generated/stamps/Project/_setup_util.py.stamp
	modified:   build/catkin_generated/stamps/Project/package.xml.stamp
	modified:   build/catkin_make.cache
	modified:   build/cmake_install.cmake
	deleted:    build/fira_maze-master/CMakeFiles/CMakeDirectoryInformation.cmake
	deleted:    build/fira_maze-master/CMakeFiles/_catkin_empty_exported_target.dir/DependInfo.cmake
	deleted:    build/fira_maze-master/CMakeFiles/_catkin_empty_exported_target.dir/build.make
	deleted:    build/fira_maze-master/CMakeFiles/_catkin_empty_exported_target.dir/cmake_clean.cmake
	deleted:    build/fira_maze-master/CMakeFiles/_catkin_empty_exported_target.dir/progress.make
	deleted:    build/fira_maze-master/CMakeFiles/actionlib_generate_messages_cpp.dir/DependInfo.cmake
	deleted:    build/fira_maze-master/CMakeFiles/actionlib_generate_messages_cpp.dir/build.make
	deleted:    build/fira_maze-master/CMakeFiles/actionlib_generate_messages_cpp.dir/cmake_clean.cmake
	deleted:    build/fira_maze-master/CMakeFiles/actionlib_generate_messages_cpp.dir/progress.make
	deleted:    build/fira_maze-master/CMakeFiles/actionlib_generate_messages_eus.dir/DependInfo.cmake
	deleted:    build/fira_maze-master/CMakeFiles/actionlib_generate_messages_eus.dir/build.make
	deleted:    build/fira_maze-master/CMakeFiles/actionlib_generate_messages_eus.dir/cmake_clean.cmake
	deleted:    build/fira_maze-master/CMakeFiles/actionlib_generate_messages_eus.dir/progress.make
	deleted:    build/fira_maze-master/CMakeFiles/actionlib_generate_messages_lisp.dir/DependInfo.cmake
	deleted:    build/fira_maze-master/CMakeFiles/actionlib_generate_messages_lisp.dir/build.make
	deleted:    build/fira_maze-master/CMakeFiles/actionlib_generate_messages_lisp.dir/cmake_clean.cmake
	deleted:    build/fira_maze-master/CMakeFiles/actionlib_generate_messages_lisp.dir/progress.make
	deleted:    build/fira_maze-master/CMakeFiles/actionlib_generate_messages_nodejs.dir/DependInfo.cmake
	deleted:    build/fira_maze-master/CMakeFiles/actionlib_generate_messages_nodejs.dir/build.make
	deleted:    build/fira_maze-master/CMakeFiles/actionlib_generate_messages_nodejs.dir/cmake_clean.cmake
	deleted:    build/fira_maze-master/CMakeFiles/actionlib_generate_messages_nodejs.dir/progress.make
	deleted:    build/fira_maze-master/CMakeFiles/actionlib_generate_messages_py.dir/DependInfo.cmake
	deleted:    build/fira_maze-master/CMakeFiles/actionlib_generate_messages_py.dir/build.make
	deleted:    build/fira_maze-master/CMakeFiles/actionlib_generate_messages_py.dir/cmake_clean.cmake
	deleted:    build/fira_maze-master/CMakeFiles/actionlib_generate_messages_py.dir/progress.make
	deleted:    build/fira_maze-master/CMakeFiles/actionlib_msgs_generate_messages_cpp.dir/DependInfo.cmake
	deleted:    build/fira_maze-master/CMakeFiles/actionlib_msgs_generate_messages_cpp.dir/build.make
	deleted:    build/fira_maze-master/CMakeFiles/actionlib_msgs_generate_messages_cpp.dir/cmake_clean.cmake
	deleted:    build/fira_maze-master/CMakeFiles/actionlib_msgs_generate_messages_cpp.dir/depend.internal
	deleted:    build/fira_maze-master/CMakeFiles/actionlib_msgs_generate_messages_cpp.dir/depend.make
	deleted:    build/fira_maze-master/CMakeFiles/actionlib_msgs_generate_messages_cpp.dir/progress.make
	deleted:    build/fira_maze-master/CMakeFiles/actionlib_msgs_generate_messages_eus.dir/DependInfo.cmake
	deleted:    build/fira_maze-master/CMakeFiles/actionlib_msgs_generate_messages_eus.dir/build.make
	deleted:    build/fira_maze-master/CMakeFiles/actionlib_msgs_generate_messages_eus.dir/cmake_clean.cmake
	deleted:    build/fira_maze-master/CMakeFiles/actionlib_msgs_generate_messages_eus.dir/depend.internal
	deleted:    build/fira_maze-master/CMakeFiles/actionlib_msgs_generate_messages_eus.dir/depend.make
	deleted:    build/fira_maze-master/CMakeFiles/actionlib_msgs_generate_messages_eus.dir/progress.make
	deleted:    build/fira_maze-master/CMakeFiles/actionlib_msgs_generate_messages_lisp.dir/DependInfo.cmake
	deleted:    build/fira_maze-master/CMakeFiles/actionlib_msgs_generate_messages_lisp.dir/build.make
	deleted:    build/fira_maze-master/CMakeFiles/actionlib_msgs_generate_messages_lisp.dir/cmake_clean.cmake
	deleted:    build/fira_maze-master/CMakeFiles/actionlib_msgs_generate_messages_lisp.dir/depend.internal
	deleted:    build/fira_maze-master/CMakeFiles/actionlib_msgs_generate_messages_lisp.dir/depend.make
	deleted:    build/fira_maze-master/CMakeFiles/actionlib_msgs_generate_messages_lisp.dir/progress.make
	deleted:    build/fira_maze-master/CMakeFiles/actionlib_msgs_generate_messages_nodejs.dir/DependInfo.cmake
	deleted:    build/fira_maze-master/CMakeFiles/actionlib_msgs_generate_messages_nodejs.dir/build.make
	deleted:    build/fira_maze-master/CMakeFiles/actionlib_msgs_generate_messages_nodejs.dir/cmake_clean.cmake
	deleted:    build/fira_maze-master/CMakeFiles/actionlib_msgs_generate_messages_nodejs.dir/depend.internal
	deleted:    build/fira_maze-master/CMakeFiles/actionlib_msgs_generate_messages_nodejs.dir/depend.make
	deleted:    build/fira_maze-master/CMakeFiles/actionlib_msgs_generate_messages_nodejs.dir/progress.make
	deleted:    build/fira_maze-master/CMakeFiles/actionlib_msgs_generate_messages_py.dir/DependInfo.cmake
	deleted:    build/fira_maze-master/CMakeFiles/actionlib_msgs_generate_messages_py.dir/build.make
	deleted:    build/fira_maze-master/CMakeFiles/actionlib_msgs_generate_messages_py.dir/cmake_clean.cmake
	deleted:    build/fira_maze-master/CMakeFiles/actionlib_msgs_generate_messages_py.dir/depend.internal
	deleted:    build/fira_maze-master/CMakeFiles/actionlib_msgs_generate_messages_py.dir/depend.make
	deleted:    build/fira_maze-master/CMakeFiles/actionlib_msgs_generate_messages_py.dir/progress.make
	deleted:    build/fira_maze-master/CMakeFiles/dynamic_reconfigure_gencfg.dir/DependInfo.cmake
	deleted:    build/fira_maze-master/CMakeFiles/dynamic_reconfigure_gencfg.dir/build.make
	deleted:    build/fira_maze-master/CMakeFiles/dynamic_reconfigure_gencfg.dir/cmake_clean.cmake
	deleted:    build/fira_maze-master/CMakeFiles/dynamic_reconfigure_gencfg.dir/progress.make
	deleted:    build/fira_maze-master/CMakeFiles/dynamic_reconfigure_generate_messages_cpp.dir/DependInfo.cmake
	deleted:    build/fira_maze-master/CMakeFiles/dynamic_reconfigure_generate_messages_cpp.dir/build.make
	deleted:    build/fira_maze-master/CMakeFiles/dynamic_reconfigure_generate_messages_cpp.dir/cmake_clean.cmake
	deleted:    build/fira_maze-master/CMakeFiles/dynamic_reconfigure_generate_messages_cpp.dir/progress.make
	deleted:    build/fira_maze-master/CMakeFiles/dynamic_reconfigure_generate_messages_eus.dir/DependInfo.cmake
	deleted:    build/fira_maze-master/CMakeFiles/dynamic_reconfigure_generate_messages_eus.dir/build.make
	deleted:    build/fira_maze-master/CMakeFiles/dynamic_reconfigure_generate_messages_eus.dir/cmake_clean.cmake
	deleted:    build/fira_maze-master/CMakeFiles/dynamic_reconfigure_generate_messages_eus.dir/progress.make
	deleted:    build/fira_maze-master/CMakeFiles/dynamic_reconfigure_generate_messages_lisp.dir/DependInfo.cmake
	deleted:    build/fira_maze-master/CMakeFiles/dynamic_reconfigure_generate_messages_lisp.dir/build.make
	deleted:    build/fira_maze-master/CMakeFiles/dynamic_reconfigure_generate_messages_lisp.dir/cmake_clean.cmake
	deleted:    build/fira_maze-master/CMakeFiles/dynamic_reconfigure_generate_messages_lisp.dir/progress.make
	deleted:    build/fira_maze-master/CMakeFiles/dynamic_reconfigure_generate_messages_nodejs.dir/DependInfo.cmake
	deleted:    build/fira_maze-master/CMakeFiles/dynamic_reconfigure_generate_messages_nodejs.dir/build.make
	deleted:    build/fira_maze-master/CMakeFiles/dynamic_reconfigure_generate_messages_nodejs.dir/cmake_clean.cmake
	deleted:    build/fira_maze-master/CMakeFiles/dynamic_reconfigure_generate_messages_nodejs.dir/progress.make
	deleted:    build/fira_maze-master/CMakeFiles/dynamic_reconfigure_generate_messages_py.dir/DependInfo.cmake
	deleted:    build/fira_maze-master/CMakeFiles/dynamic_reconfigure_generate_messages_py.dir/build.make
	deleted:    build/fira_maze-master/CMakeFiles/dynamic_reconfigure_generate_messages_py.dir/cmake_clean.cmake
	deleted:    build/fira_maze-master/CMakeFiles/dynamic_reconfigure_generate_messages_py.dir/progress.make
	deleted:    build/fira_maze-master/CMakeFiles/gazebo_msgs_generate_messages_cpp.dir/DependInfo.cmake
	deleted:    build/fira_maze-master/CMakeFiles/gazebo_msgs_generate_messages_cpp.dir/build.make
	deleted:    build/fira_maze-master/CMakeFiles/gazebo_msgs_generate_messages_cpp.dir/cmake_clean.cmake
	deleted:    build/fira_maze-master/CMakeFiles/gazebo_msgs_generate_messages_cpp.dir/progress.make
	deleted:    build/fira_maze-master/CMakeFiles/gazebo_msgs_generate_messages_eus.dir/DependInfo.cmake
	deleted:    build/fira_maze-master/CMakeFiles/gazebo_msgs_generate_messages_eus.dir/build.make
	deleted:    build/fira_maze-master/CMakeFiles/gazebo_msgs_generate_messages_eus.dir/cmake_clean.cmake
	deleted:    build/fira_maze-master/CMakeFiles/gazebo_msgs_generate_messages_eus.dir/progress.make
	deleted:    build/fira_maze-master/CMakeFiles/gazebo_msgs_generate_messages_lisp.dir/DependInfo.cmake
	deleted:    build/fira_maze-master/CMakeFiles/gazebo_msgs_generate_messages_lisp.dir/build.make
	deleted:    build/fira_maze-master/CMakeFiles/gazebo_msgs_generate_messages_lisp.dir/cmake_clean.cmake
	deleted:    build/fira_maze-master/CMakeFiles/gazebo_msgs_generate_messages_lisp.dir/progress.make
	deleted:    build/fira_maze-master/CMakeFiles/gazebo_msgs_generate_messages_nodejs.dir/DependInfo.cmake
	deleted:    build/fira_maze-master/CMakeFiles/gazebo_msgs_generate_messages_nodejs.dir/build.make
	deleted:    build/fira_maze-master/CMakeFiles/gazebo_msgs_generate_messages_nodejs.dir/cmake_clean.cmake
	deleted:    build/fira_maze-master/CMakeFiles/gazebo_msgs_generate_messages_nodejs.dir/progress.make
	deleted:    build/fira_maze-master/CMakeFiles/gazebo_msgs_generate_messages_py.dir/DependInfo.cmake
	deleted:    build/fira_maze-master/CMakeFiles/gazebo_msgs_generate_messages_py.dir/build.make
	deleted:    build/fira_maze-master/CMakeFiles/gazebo_msgs_generate_messages_py.dir/cmake_clean.cmake
	deleted:    build/fira_maze-master/CMakeFiles/gazebo_msgs_generate_messages_py.dir/progress.make
	deleted:    build/fira_maze-master/CMakeFiles/gazebo_ros_gencfg.dir/DependInfo.cmake
	deleted:    build/fira_maze-master/CMakeFiles/gazebo_ros_gencfg.dir/build.make
	deleted:    build/fira_maze-master/CMakeFiles/gazebo_ros_gencfg.dir/cmake_clean.cmake
	deleted:    build/fira_maze-master/CMakeFiles/gazebo_ros_gencfg.dir/progress.make
	deleted:    build/fira_maze-master/CMakeFiles/geometry_msgs_generate_messages_cpp.dir/DependInfo.cmake
	deleted:    build/fira_maze-master/CMakeFiles/geometry_msgs_generate_messages_cpp.dir/build.make
	deleted:    build/fira_maze-master/CMakeFiles/geometry_msgs_generate_messages_cpp.dir/cmake_clean.cmake
	deleted:    build/fira_maze-master/CMakeFiles/geometry_msgs_generate_messages_cpp.dir/depend.internal
	deleted:    build/fira_maze-master/CMakeFiles/geometry_msgs_generate_messages_cpp.dir/depend.make
	deleted:    build/fira_maze-master/CMakeFiles/geometry_msgs_generate_messages_cpp.dir/progress.make
	deleted:    build/fira_maze-master/CMakeFiles/geometry_msgs_generate_messages_eus.dir/DependInfo.cmake
	deleted:    build/fira_maze-master/CMakeFiles/geometry_msgs_generate_messages_eus.dir/build.make
	deleted:    build/fira_maze-master/CMakeFiles/geometry_msgs_generate_messages_eus.dir/cmake_clean.cmake
	deleted:    build/fira_maze-master/CMakeFiles/geometry_msgs_generate_messages_eus.dir/depend.internal
	deleted:    build/fira_maze-master/CMakeFiles/geometry_msgs_generate_messages_eus.dir/depend.make
	deleted:    build/fira_maze-master/CMakeFiles/geometry_msgs_generate_messages_eus.dir/progress.make
	deleted:    build/fira_maze-master/CMakeFiles/geometry_msgs_generate_messages_lisp.dir/DependInfo.cmake
	deleted:    build/fira_maze-master/CMakeFiles/geometry_msgs_generate_messages_lisp.dir/build.make
	deleted:    build/fira_maze-master/CMakeFiles/geometry_msgs_generate_messages_lisp.dir/cmake_clean.cmake
	deleted:    build/fira_maze-master/CMakeFiles/geometry_msgs_generate_messages_lisp.dir/depend.internal
	deleted:    build/fira_maze-master/CMakeFiles/geometry_msgs_generate_messages_lisp.dir/depend.make
	deleted:    build/fira_maze-master/CMakeFiles/geometry_msgs_generate_messages_lisp.dir/progress.make
	deleted:    build/fira_maze-master/CMakeFiles/geometry_msgs_generate_messages_nodejs.dir/DependInfo.cmake
	deleted:    build/fira_maze-master/CMakeFiles/geometry_msgs_generate_messages_nodejs.dir/build.make
	deleted:    build/fira_maze-master/CMakeFiles/geometry_msgs_generate_messages_nodejs.dir/cmake_clean.cmake
	deleted:    build/fira_maze-master/CMakeFiles/geometry_msgs_generate_messages_nodejs.dir/depend.internal
	deleted:    build/fira_maze-master/CMakeFiles/geometry_msgs_generate_messages_nodejs.dir/depend.make
	deleted:    build/fira_maze-master/CMakeFiles/geometry_msgs_generate_messages_nodejs.dir/progress.make
	deleted:    build/fira_maze-master/CMakeFiles/geometry_msgs_generate_messages_py.dir/DependInfo.cmake
	deleted:    build/fira_maze-master/CMakeFiles/geometry_msgs_generate_messages_py.dir/build.make
	deleted:    build/fira_maze-master/CMakeFiles/geometry_msgs_generate_messages_py.dir/cmake_clean.cmake
	deleted:    build/fira_maze-master/CMakeFiles/geometry_msgs_generate_messages_py.dir/depend.internal
	deleted:    build/fira_maze-master/CMakeFiles/geometry_msgs_generate_messages_py.dir/depend.make
	deleted:    build/fira_maze-master/CMakeFiles/geometry_msgs_generate_messages_py.dir/progress.make
	deleted:    build/fira_maze-master/CMakeFiles/progress.marks
	deleted:    build/fira_maze-master/CMakeFiles/roscpp_generate_messages_cpp.dir/DependInfo.cmake
	deleted:    build/fira_maze-master/CMakeFiles/roscpp_generate_messages_cpp.dir/build.make
	deleted:    build/fira_maze-master/CMakeFiles/roscpp_generate_messages_cpp.dir/cmake_clean.cmake
	deleted:    build/fira_maze-master/CMakeFiles/roscpp_generate_messages_cpp.dir/depend.internal
	deleted:    build/fira_maze-master/CMakeFiles/roscpp_generate_messages_cpp.dir/depend.make
	deleted:    build/fira_maze-master/CMakeFiles/roscpp_generate_messages_cpp.dir/progress.make
	deleted:    build/fira_maze-master/CMakeFiles/roscpp_generate_messages_eus.dir/DependInfo.cmake
	deleted:    build/fira_maze-master/CMakeFiles/roscpp_generate_messages_eus.dir/build.make
	deleted:    build/fira_maze-master/CMakeFiles/roscpp_generate_messages_eus.dir/cmake_clean.cmake
	deleted:    build/fira_maze-master/CMakeFiles/roscpp_generate_messages_eus.dir/depend.internal
	deleted:    build/fira_maze-master/CMakeFiles/roscpp_generate_messages_eus.dir/depend.make
	deleted:    build/fira_maze-master/CMakeFiles/roscpp_generate_messages_eus.dir/progress.make
	deleted:    build/fira_maze-master/CMakeFiles/roscpp_generate_messages_lisp.dir/DependInfo.cmake
	deleted:    build/fira_maze-master/CMakeFiles/roscpp_generate_messages_lisp.dir/build.make
	deleted:    build/fira_maze-master/CMakeFiles/roscpp_generate_messages_lisp.dir/cmake_clean.cmake
	deleted:    build/fira_maze-master/CMakeFiles/roscpp_generate_messages_lisp.dir/depend.internal
	deleted:    build/fira_maze-master/CMakeFiles/roscpp_generate_messages_lisp.dir/depend.make
	deleted:    build/fira_maze-master/CMakeFiles/roscpp_generate_messages_lisp.dir/progress.make
	deleted:    build/fira_maze-master/CMakeFiles/roscpp_generate_messages_nodejs.dir/DependInfo.cmake
	deleted:    build/fira_maze-master/CMakeFiles/roscpp_generate_messages_nodejs.dir/build.make
	deleted:    build/fira_maze-master/CMakeFiles/roscpp_generate_messages_nodejs.dir/cmake_clean.cmake
	deleted:    build/fira_maze-master/CMakeFiles/roscpp_generate_messages_nodejs.dir/depend.internal
	deleted:    build/fira_maze-master/CMakeFiles/roscpp_generate_messages_nodejs.dir/depend.make
	deleted:    build/fira_maze-master/CMakeFiles/roscpp_generate_messages_nodejs.dir/progress.make
	deleted:    build/fira_maze-master/CMakeFiles/roscpp_generate_messages_py.dir/DependInfo.cmake
	deleted:    build/fira_maze-master/CMakeFiles/roscpp_generate_messages_py.dir/build.make
	deleted:    build/fira_maze-master/CMakeFiles/roscpp_generate_messages_py.dir/cmake_clean.cmake
	deleted:    build/fira_maze-master/CMakeFiles/roscpp_generate_messages_py.dir/depend.internal
	deleted:    build/fira_maze-master/CMakeFiles/roscpp_generate_messages_py.dir/depend.make
	deleted:    build/fira_maze-master/CMakeFiles/roscpp_generate_messages_py.dir/progress.make
	deleted:    build/fira_maze-master/CMakeFiles/rosgraph_msgs_generate_messages_cpp.dir/DependInfo.cmake
	deleted:    build/fira_maze-master/CMakeFiles/rosgraph_msgs_generate_messages_cpp.dir/build.make
	deleted:    build/fira_maze-master/CMakeFiles/rosgraph_msgs_generate_messages_cpp.dir/cmake_clean.cmake
	deleted:    build/fira_maze-master/CMakeFiles/rosgraph_msgs_generate_messages_cpp.dir/depend.internal
	deleted:    build/fira_maze-master/CMakeFiles/rosgraph_msgs_generate_messages_cpp.dir/depend.make
	deleted:    build/fira_maze-master/CMakeFiles/rosgraph_msgs_generate_messages_cpp.dir/progress.make
	deleted:    build/fira_maze-master/CMakeFiles/rosgraph_msgs_generate_messages_eus.dir/DependInfo.cmake
	deleted:    build/fira_maze-master/CMakeFiles/rosgraph_msgs_generate_messages_eus.dir/build.make
	deleted:    build/fira_maze-master/CMakeFiles/rosgraph_msgs_generate_messages_eus.dir/cmake_clean.cmake
	deleted:    build/fira_maze-master/CMakeFiles/rosgraph_msgs_generate_messages_eus.dir/depend.internal
	deleted:    build/fira_maze-master/CMakeFiles/rosgraph_msgs_generate_messages_eus.dir/depend.make
	deleted:    build/fira_maze-master/CMakeFiles/rosgraph_msgs_generate_messages_eus.dir/progress.make
	deleted:    build/fira_maze-master/CMakeFiles/rosgraph_msgs_generate_messages_lisp.dir/DependInfo.cmake
	deleted:    build/fira_maze-master/CMakeFiles/rosgraph_msgs_generate_messages_lisp.dir/build.make
	deleted:    build/fira_maze-master/CMakeFiles/rosgraph_msgs_generate_messages_lisp.dir/cmake_clean.cmake
	deleted:    build/fira_maze-master/CMakeFiles/rosgraph_msgs_generate_messages_lisp.dir/depend.internal
	deleted:    build/fira_maze-master/CMakeFiles/rosgraph_msgs_generate_messages_lisp.dir/depend.make
	deleted:    build/fira_maze-master/CMakeFiles/rosgraph_msgs_generate_messages_lisp.dir/progress.make
	deleted:    build/fira_maze-master/CMakeFiles/rosgraph_msgs_generate_messages_nodejs.dir/DependInfo.cmake
	deleted:    build/fira_maze-master/CMakeFiles/rosgraph_msgs_generate_messages_nodejs.dir/build.make
	deleted:    build/fira_maze-master/CMakeFiles/rosgraph_msgs_generate_messages_nodejs.dir/cmake_clean.cmake
	deleted:    build/fira_maze-master/CMakeFiles/rosgraph_msgs_generate_messages_nodejs.dir/depend.internal
	deleted:    build/fira_maze-master/CMakeFiles/rosgraph_msgs_generate_messages_nodejs.dir/depend.make
	deleted:    build/fira_maze-master/CMakeFiles/rosgraph_msgs_generate_messages_nodejs.dir/progress.make
	deleted:    build/fira_maze-master/CMakeFiles/rosgraph_msgs_generate_messages_py.dir/DependInfo.cmake
	deleted:    build/fira_maze-master/CMakeFiles/rosgraph_msgs_generate_messages_py.dir/build.make
	deleted:    build/fira_maze-master/CMakeFiles/rosgraph_msgs_generate_messages_py.dir/cmake_clean.cmake
	deleted:    build/fira_maze-master/CMakeFiles/rosgraph_msgs_generate_messages_py.dir/depend.internal
	deleted:    build/fira_maze-master/CMakeFiles/rosgraph_msgs_generate_messages_py.dir/depend.make
	deleted:    build/fira_maze-master/CMakeFiles/rosgraph_msgs_generate_messages_py.dir/progress.make
	deleted:    build/fira_maze-master/CMakeFiles/sensor_msgs_generate_messages_cpp.dir/DependInfo.cmake
	deleted:    build/fira_maze-master/CMakeFiles/sensor_msgs_generate_messages_cpp.dir/build.make
	deleted:    build/fira_maze-master/CMakeFiles/sensor_msgs_generate_messages_cpp.dir/cmake_clean.cmake
	deleted:    build/fira_maze-master/CMakeFiles/sensor_msgs_generate_messages_cpp.dir/depend.internal
	deleted:    build/fira_maze-master/CMakeFiles/sensor_msgs_generate_messages_cpp.dir/depend.make
	deleted:    build/fira_maze-master/CMakeFiles/sensor_msgs_generate_messages_cpp.dir/progress.make
	deleted:    build/fira_maze-master/CMakeFiles/sensor_msgs_generate_messages_eus.dir/DependInfo.cmake
	deleted:    build/fira_maze-master/CMakeFiles/sensor_msgs_generate_messages_eus.dir/build.make
	deleted:    build/fira_maze-master/CMakeFiles/sensor_msgs_generate_messages_eus.dir/cmake_clean.cmake
	deleted:    build/fira_maze-master/CMakeFiles/sensor_msgs_generate_messages_eus.dir/depend.internal
	deleted:    build/fira_maze-master/CMakeFiles/sensor_msgs_generate_messages_eus.dir/depend.make
	deleted:    build/fira_maze-master/CMakeFiles/sensor_msgs_generate_messages_eus.dir/progress.make
	deleted:    build/fira_maze-master/CMakeFiles/sensor_msgs_generate_messages_lisp.dir/DependInfo.cmake
	deleted:    build/fira_maze-master/CMakeFiles/sensor_msgs_generate_messages_lisp.dir/build.make
	deleted:    build/fira_maze-master/CMakeFiles/sensor_msgs_generate_messages_lisp.dir/cmake_clean.cmake
	deleted:    build/fira_maze-master/CMakeFiles/sensor_msgs_generate_messages_lisp.dir/depend.internal
	deleted:    build/fira_maze-master/CMakeFiles/sensor_msgs_generate_messages_lisp.dir/depend.make
	deleted:    build/fira_maze-master/CMakeFiles/sensor_msgs_generate_messages_lisp.dir/progress.make
	deleted:    build/fira_maze-master/CMakeFiles/sensor_msgs_generate_messages_nodejs.dir/DependInfo.cmake
	deleted:    build/fira_maze-master/CMakeFiles/sensor_msgs_generate_messages_nodejs.dir/build.make
	deleted:    build/fira_maze-master/CMakeFiles/sensor_msgs_generate_messages_nodejs.dir/cmake_clean.cmake
	deleted:    build/fira_maze-master/CMakeFiles/sensor_msgs_generate_messages_nodejs.dir/depend.internal
	deleted:    build/fira_maze-master/CMakeFiles/sensor_msgs_generate_messages_nodejs.dir/depend.make
	deleted:    build/fira_maze-master/CMakeFiles/sensor_msgs_generate_messages_nodejs.dir/progress.make
	deleted:    build/fira_maze-master/CMakeFiles/sensor_msgs_generate_messages_py.dir/DependInfo.cmake
	deleted:    build/fira_maze-master/CMakeFiles/sensor_msgs_generate_messages_py.dir/build.make
	deleted:    build/fira_maze-master/CMakeFiles/sensor_msgs_generate_messages_py.dir/cmake_clean.cmake
	deleted:    build/fira_maze-master/CMakeFiles/sensor_msgs_generate_messages_py.dir/depend.internal
	deleted:    build/fira_maze-master/CMakeFiles/sensor_msgs_generate_messages_py.dir/depend.make
	deleted:    build/fira_maze-master/CMakeFiles/sensor_msgs_generate_messages_py.dir/progress.make
	deleted:    build/fira_maze-master/CMakeFiles/std_msgs_generate_messages_cpp.dir/DependInfo.cmake
	deleted:    build/fira_maze-master/CMakeFiles/std_msgs_generate_messages_cpp.dir/build.make
	deleted:    build/fira_maze-master/CMakeFiles/std_msgs_generate_messages_cpp.dir/cmake_clean.cmake
	deleted:    build/fira_maze-master/CMakeFiles/std_msgs_generate_messages_cpp.dir/progress.make
	deleted:    build/fira_maze-master/CMakeFiles/std_msgs_generate_messages_eus.dir/DependInfo.cmake
	deleted:    build/fira_maze-master/CMakeFiles/std_msgs_generate_messages_eus.dir/build.make
	deleted:    build/fira_maze-master/CMakeFiles/std_msgs_generate_messages_eus.dir/cmake_clean.cmake
	deleted:    build/fira_maze-master/CMakeFiles/std_msgs_generate_messages_eus.dir/progress.make
	deleted:    build/fira_maze-master/CMakeFiles/std_msgs_generate_messages_lisp.dir/DependInfo.cmake
	deleted:    build/fira_maze-master/CMakeFiles/std_msgs_generate_messages_lisp.dir/build.make
	deleted:    build/fira_maze-master/CMakeFiles/std_msgs_generate_messages_lisp.dir/cmake_clean.cmake
	deleted:    build/fira_maze-master/CMakeFiles/std_msgs_generate_messages_lisp.dir/progress.make
	deleted:    build/fira_maze-master/CMakeFiles/std_msgs_generate_messages_nodejs.dir/DependInfo.cmake
	deleted:    build/fira_maze-master/CMakeFiles/std_msgs_generate_messages_nodejs.dir/build.make
	deleted:    build/fira_maze-master/CMakeFiles/std_msgs_generate_messages_nodejs.dir/cmake_clean.cmake
	deleted:    build/fira_maze-master/CMakeFiles/std_msgs_generate_messages_nodejs.dir/progress.make
	deleted:    build/fira_maze-master/CMakeFiles/std_msgs_generate_messages_py.dir/DependInfo.cmake
	deleted:    build/fira_maze-master/CMakeFiles/std_msgs_generate_messages_py.dir/build.make
	deleted:    build/fira_maze-master/CMakeFiles/std_msgs_generate_messages_py.dir/cmake_clean.cmake
	deleted:    build/fira_maze-master/CMakeFiles/std_msgs_generate_messages_py.dir/progress.make
	deleted:    build/fira_maze-master/CMakeFiles/std_srvs_generate_messages_cpp.dir/DependInfo.cmake
	deleted:    build/fira_maze-master/CMakeFiles/std_srvs_generate_messages_cpp.dir/build.make
	deleted:    build/fira_maze-master/CMakeFiles/std_srvs_generate_messages_cpp.dir/cmake_clean.cmake
	deleted:    build/fira_maze-master/CMakeFiles/std_srvs_generate_messages_cpp.dir/progress.make
	deleted:    build/fira_maze-master/CMakeFiles/std_srvs_generate_messages_eus.dir/DependInfo.cmake
	deleted:    build/fira_maze-master/CMakeFiles/std_srvs_generate_messages_eus.dir/build.make
	deleted:    build/fira_maze-master/CMakeFiles/std_srvs_generate_messages_eus.dir/cmake_clean.cmake
	deleted:    build/fira_maze-master/CMakeFiles/std_srvs_generate_messages_eus.dir/progress.make
	deleted:    build/fira_maze-master/CMakeFiles/std_srvs_generate_messages_lisp.dir/DependInfo.cmake
	deleted:    build/fira_maze-master/CMakeFiles/std_srvs_generate_messages_lisp.dir/build.make
	deleted:    build/fira_maze-master/CMakeFiles/std_srvs_generate_messages_lisp.dir/cmake_clean.cmake
	deleted:    build/fira_maze-master/CMakeFiles/std_srvs_generate_messages_lisp.dir/progress.make
	deleted:    build/fira_maze-master/CMakeFiles/std_srvs_generate_messages_nodejs.dir/DependInfo.cmake
	deleted:    build/fira_maze-master/CMakeFiles/std_srvs_generate_messages_nodejs.dir/build.make
	deleted:    build/fira_maze-master/CMakeFiles/std_srvs_generate_messages_nodejs.dir/cmake_clean.cmake
	deleted:    build/fira_maze-master/CMakeFiles/std_srvs_generate_messages_nodejs.dir/progress.make
	deleted:    build/fira_maze-master/CMakeFiles/std_srvs_generate_messages_py.dir/DependInfo.cmake
	deleted:    build/fira_maze-master/CMakeFiles/std_srvs_generate_messages_py.dir/build.make
	deleted:    build/fira_maze-master/CMakeFiles/std_srvs_generate_messages_py.dir/cmake_clean.cmake
	deleted:    build/fira_maze-master/CMakeFiles/std_srvs_generate_messages_py.dir/progress.make
	deleted:    build/fira_maze-master/CMakeFiles/tf2_msgs_generate_messages_cpp.dir/DependInfo.cmake
	deleted:    build/fira_maze-master/CMakeFiles/tf2_msgs_generate_messages_cpp.dir/build.make
	deleted:    build/fira_maze-master/CMakeFiles/tf2_msgs_generate_messages_cpp.dir/cmake_clean.cmake
	deleted:    build/fira_maze-master/CMakeFiles/tf2_msgs_generate_messages_cpp.dir/progress.make
	deleted:    build/fira_maze-master/CMakeFiles/tf2_msgs_generate_messages_eus.dir/DependInfo.cmake
	deleted:    build/fira_maze-master/CMakeFiles/tf2_msgs_generate_messages_eus.dir/build.make
	deleted:    build/fira_maze-master/CMakeFiles/tf2_msgs_generate_messages_eus.dir/cmake_clean.cmake
	deleted:    build/fira_maze-master/CMakeFiles/tf2_msgs_generate_messages_eus.dir/progress.make
	deleted:    build/fira_maze-master/CMakeFiles/tf2_msgs_generate_messages_lisp.dir/DependInfo.cmake
	deleted:    build/fira_maze-master/CMakeFiles/tf2_msgs_generate_messages_lisp.dir/build.make
	deleted:    build/fira_maze-master/CMakeFiles/tf2_msgs_generate_messages_lisp.dir/cmake_clean.cmake
	deleted:    build/fira_maze-master/CMakeFiles/tf2_msgs_generate_messages_lisp.dir/progress.make
	deleted:    build/fira_maze-master/CMakeFiles/tf2_msgs_generate_messages_nodejs.dir/DependInfo.cmake
	deleted:    build/fira_maze-master/CMakeFiles/tf2_msgs_generate_messages_nodejs.dir/build.make
	deleted:    build/fira_maze-master/CMakeFiles/tf2_msgs_generate_messages_nodejs.dir/cmake_clean.cmake
	deleted:    build/fira_maze-master/CMakeFiles/tf2_msgs_generate_messages_nodejs.dir/progress.make
	deleted:    build/fira_maze-master/CMakeFiles/tf2_msgs_generate_messages_py.dir/DependInfo.cmake
	deleted:    build/fira_maze-master/CMakeFiles/tf2_msgs_generate_messages_py.dir/build.make
	deleted:    build/fira_maze-master/CMakeFiles/tf2_msgs_generate_messages_py.dir/cmake_clean.cmake
	deleted:    build/fira_maze-master/CMakeFiles/tf2_msgs_generate_messages_py.dir/progress.make
	deleted:    build/fira_maze-master/CMakeFiles/tf_generate_messages_cpp.dir/DependInfo.cmake
	deleted:    build/fira_maze-master/CMakeFiles/tf_generate_messages_cpp.dir/build.make
	deleted:    build/fira_maze-master/CMakeFiles/tf_generate_messages_cpp.dir/cmake_clean.cmake
	deleted:    build/fira_maze-master/CMakeFiles/tf_generate_messages_cpp.dir/progress.make
	deleted:    build/fira_maze-master/CMakeFiles/tf_generate_messages_eus.dir/DependInfo.cmake
	deleted:    build/fira_maze-master/CMakeFiles/tf_generate_messages_eus.dir/build.make
	deleted:    build/fira_maze-master/CMakeFiles/tf_generate_messages_eus.dir/cmake_clean.cmake
	deleted:    build/fira_maze-master/CMakeFiles/tf_generate_messages_eus.dir/progress.make
	deleted:    build/fira_maze-master/CMakeFiles/tf_generate_messages_lisp.dir/DependInfo.cmake
	deleted:    build/fira_maze-master/CMakeFiles/tf_generate_messages_lisp.dir/build.make
	deleted:    build/fira_maze-master/CMakeFiles/tf_generate_messages_lisp.dir/cmake_clean.cmake
	deleted:    build/fira_maze-master/CMakeFiles/tf_generate_messages_lisp.dir/progress.make
	deleted:    build/fira_maze-master/CMakeFiles/tf_generate_messages_nodejs.dir/DependInfo.cmake
	deleted:    build/fira_maze-master/CMakeFiles/tf_generate_messages_nodejs.dir/build.make
	deleted:    build/fira_maze-master/CMakeFiles/tf_generate_messages_nodejs.dir/cmake_clean.cmake
	deleted:    build/fira_maze-master/CMakeFiles/tf_generate_messages_nodejs.dir/progress.make
	deleted:    build/fira_maze-master/CMakeFiles/tf_generate_messages_py.dir/DependInfo.cmake
	deleted:    build/fira_maze-master/CMakeFiles/tf_generate_messages_py.dir/build.make
	deleted:    build/fira_maze-master/CMakeFiles/tf_generate_messages_py.dir/cmake_clean.cmake
	deleted:    build/fira_maze-master/CMakeFiles/tf_generate_messages_py.dir/progress.make
	deleted:    build/fira_maze-master/CMakeFiles/trajectory_msgs_generate_messages_cpp.dir/DependInfo.cmake
	deleted:    build/fira_maze-master/CMakeFiles/trajectory_msgs_generate_messages_cpp.dir/build.make
	deleted:    build/fira_maze-master/CMakeFiles/trajectory_msgs_generate_messages_cpp.dir/cmake_clean.cmake
	deleted:    build/fira_maze-master/CMakeFiles/trajectory_msgs_generate_messages_cpp.dir/progress.make
	deleted:    build/fira_maze-master/CMakeFiles/trajectory_msgs_generate_messages_eus.dir/DependInfo.cmake
	deleted:    build/fira_maze-master/CMakeFiles/trajectory_msgs_generate_messages_eus.dir/build.make
	deleted:    build/fira_maze-master/CMakeFiles/trajectory_msgs_generate_messages_eus.dir/cmake_clean.cmake
	deleted:    build/fira_maze-master/CMakeFiles/trajectory_msgs_generate_messages_eus.dir/progress.make
	deleted:    build/fira_maze-master/CMakeFiles/trajectory_msgs_generate_messages_lisp.dir/DependInfo.cmake
	deleted:    build/fira_maze-master/CMakeFiles/trajectory_msgs_generate_messages_lisp.dir/build.make
	deleted:    build/fira_maze-master/CMakeFiles/trajectory_msgs_generate_messages_lisp.dir/cmake_clean.cmake
	deleted:    build/fira_maze-master/CMakeFiles/trajectory_msgs_generate_messages_lisp.dir/progress.make
	deleted:    build/fira_maze-master/CMakeFiles/trajectory_msgs_generate_messages_nodejs.dir/DependInfo.cmake
	deleted:    build/fira_maze-master/CMakeFiles/trajectory_msgs_generate_messages_nodejs.dir/build.make
	deleted:    build/fira_maze-master/CMakeFiles/trajectory_msgs_generate_messages_nodejs.dir/cmake_clean.cmake
	deleted:    build/fira_maze-master/CMakeFiles/trajectory_msgs_generate_messages_nodejs.dir/progress.make
	deleted:    build/fira_maze-master/CMakeFiles/trajectory_msgs_generate_messages_py.dir/DependInfo.cmake
	deleted:    build/fira_maze-master/CMakeFiles/trajectory_msgs_generate_messages_py.dir/build.make
	deleted:    build/fira_maze-master/CMakeFiles/trajectory_msgs_generate_messages_py.dir/cmake_clean.cmake
	deleted:    build/fira_maze-master/CMakeFiles/trajectory_msgs_generate_messages_py.dir/progress.make
	deleted:    build/fira_maze-master/CTestTestfile.cmake
	deleted:    build/fira_maze-master/Makefile
	deleted:    build/fira_maze-master/catkin_generated/installspace/fira_maze.pc
	deleted:    build/fira_maze-master/catkin_generated/installspace/fira_mazeConfig-version.cmake
	deleted:    build/fira_maze-master/catkin_generated/installspace/fira_mazeConfig.cmake
	deleted:    build/fira_maze-master/catkin_generated/ordered_paths.cmake
	deleted:    build/fira_maze-master/catkin_generated/package.cmake
	deleted:    build/fira_maze-master/catkin_generated/pkg.develspace.context.pc.py
	deleted:    build/fira_maze-master/catkin_generated/pkg.installspace.context.pc.py
	deleted:    build/fira_maze-master/catkin_generated/stamps/fira_maze/package.xml.stamp
	deleted:    build/fira_maze-master/catkin_generated/stamps/fira_maze/pkg.pc.em.stamp
	deleted:    build/fira_maze-master/cmake_install.cmake
	modified:   build/fira_maze/CMakeFiles/CMakeDirectoryInformation.cmake
	deleted:    build/fira_maze/CMakeFiles/actionlib_generate_messages_cpp.dir/DependInfo.cmake
	deleted:    build/fira_maze/CMakeFiles/actionlib_generate_messages_cpp.dir/build.make
	deleted:    build/fira_maze/CMakeFiles/actionlib_generate_messages_cpp.dir/cmake_clean.cmake
	deleted:    build/fira_maze/CMakeFiles/actionlib_generate_messages_cpp.dir/progress.make
	deleted:    build/fira_maze/CMakeFiles/actionlib_generate_messages_eus.dir/DependInfo.cmake
	deleted:    build/fira_maze/CMakeFiles/actionlib_generate_messages_eus.dir/build.make
	deleted:    build/fira_maze/CMakeFiles/actionlib_generate_messages_eus.dir/cmake_clean.cmake
	deleted:    build/fira_maze/CMakeFiles/actionlib_generate_messages_eus.dir/progress.make
	deleted:    build/fira_maze/CMakeFiles/actionlib_generate_messages_lisp.dir/DependInfo.cmake
	deleted:    build/fira_maze/CMakeFiles/actionlib_generate_messages_lisp.dir/build.make
	deleted:    build/fira_maze/CMakeFiles/actionlib_generate_messages_lisp.dir/cmake_clean.cmake
	deleted:    build/fira_maze/CMakeFiles/actionlib_generate_messages_lisp.dir/progress.make
	deleted:    build/fira_maze/CMakeFiles/actionlib_generate_messages_nodejs.dir/DependInfo.cmake
	deleted:    build/fira_maze/CMakeFiles/actionlib_generate_messages_nodejs.dir/build.make
	deleted:    build/fira_maze/CMakeFiles/actionlib_generate_messages_nodejs.dir/cmake_clean.cmake
	deleted:    build/fira_maze/CMakeFiles/actionlib_generate_messages_nodejs.dir/progress.make
	deleted:    build/fira_maze/CMakeFiles/actionlib_generate_messages_py.dir/DependInfo.cmake
	deleted:    build/fira_maze/CMakeFiles/actionlib_generate_messages_py.dir/build.make
	deleted:    build/fira_maze/CMakeFiles/actionlib_generate_messages_py.dir/cmake_clean.cmake
	deleted:    build/fira_maze/CMakeFiles/actionlib_generate_messages_py.dir/progress.make
	deleted:    build/fira_maze/CMakeFiles/actionlib_msgs_generate_messages_cpp.dir/DependInfo.cmake
	deleted:    build/fira_maze/CMakeFiles/actionlib_msgs_generate_messages_cpp.dir/build.make
	deleted:    build/fira_maze/CMakeFiles/actionlib_msgs_generate_messages_cpp.dir/cmake_clean.cmake
	deleted:    build/fira_maze/CMakeFiles/actionlib_msgs_generate_messages_cpp.dir/depend.internal
	deleted:    build/fira_maze/CMakeFiles/actionlib_msgs_generate_messages_cpp.dir/depend.make
	deleted:    build/fira_maze/CMakeFiles/actionlib_msgs_generate_messages_cpp.dir/progress.make
	deleted:    build/fira_maze/CMakeFiles/actionlib_msgs_generate_messages_eus.dir/DependInfo.cmake
	deleted:    build/fira_maze/CMakeFiles/actionlib_msgs_generate_messages_eus.dir/build.make
	deleted:    build/fira_maze/CMakeFiles/actionlib_msgs_generate_messages_eus.dir/cmake_clean.cmake
	deleted:    build/fira_maze/CMakeFiles/actionlib_msgs_generate_messages_eus.dir/depend.internal
	deleted:    build/fira_maze/CMakeFiles/actionlib_msgs_generate_messages_eus.dir/depend.make
	deleted:    build/fira_maze/CMakeFiles/actionlib_msgs_generate_messages_eus.dir/progress.make
	deleted:    build/fira_maze/CMakeFiles/actionlib_msgs_generate_messages_lisp.dir/DependInfo.cmake
	deleted:    build/fira_maze/CMakeFiles/actionlib_msgs_generate_messages_lisp.dir/build.make
	deleted:    build/fira_maze/CMakeFiles/actionlib_msgs_generate_messages_lisp.dir/cmake_clean.cmake
	deleted:    build/fira_maze/CMakeFiles/actionlib_msgs_generate_messages_lisp.dir/depend.internal
	deleted:    build/fira_maze/CMakeFiles/actionlib_msgs_generate_messages_lisp.dir/depend.make
	deleted:    build/fira_maze/CMakeFiles/actionlib_msgs_generate_messages_lisp.dir/progress.make
	deleted:    build/fira_maze/CMakeFiles/actionlib_msgs_generate_messages_nodejs.dir/DependInfo.cmake
	deleted:    build/fira_maze/CMakeFiles/actionlib_msgs_generate_messages_nodejs.dir/build.make
	deleted:    build/fira_maze/CMakeFiles/actionlib_msgs_generate_messages_nodejs.dir/cmake_clean.cmake
	deleted:    build/fira_maze/CMakeFiles/actionlib_msgs_generate_messages_nodejs.dir/depend.internal
	deleted:    build/fira_maze/CMakeFiles/actionlib_msgs_generate_messages_nodejs.dir/depend.make
	deleted:    build/fira_maze/CMakeFiles/actionlib_msgs_generate_messages_nodejs.dir/progress.make
	deleted:    build/fira_maze/CMakeFiles/actionlib_msgs_generate_messages_py.dir/DependInfo.cmake
	deleted:    build/fira_maze/CMakeFiles/actionlib_msgs_generate_messages_py.dir/build.make
	deleted:    build/fira_maze/CMakeFiles/actionlib_msgs_generate_messages_py.dir/cmake_clean.cmake
	deleted:    build/fira_maze/CMakeFiles/actionlib_msgs_generate_messages_py.dir/depend.internal
	deleted:    build/fira_maze/CMakeFiles/actionlib_msgs_generate_messages_py.dir/depend.make
	deleted:    build/fira_maze/CMakeFiles/actionlib_msgs_generate_messages_py.dir/progress.make
	modified:   build/fira_maze/CMakeFiles/dynamic_reconfigure_gencfg.dir/build.make
	modified:   build/fira_maze/CMakeFiles/dynamic_reconfigure_generate_messages_cpp.dir/build.make
	modified:   build/fira_maze/CMakeFiles/dynamic_reconfigure_generate_messages_eus.dir/build.make
	modified:   build/fira_maze/CMakeFiles/dynamic_reconfigure_generate_messages_lisp.dir/build.make
	modified:   build/fira_maze/CMakeFiles/dynamic_reconfigure_generate_messages_nodejs.dir/build.make
	modified:   build/fira_maze/CMakeFiles/dynamic_reconfigure_generate_messages_py.dir/build.make
	modified:   build/fira_maze/CMakeFiles/gazebo_msgs_generate_messages_cpp.dir/build.make
	modified:   build/fira_maze/CMakeFiles/gazebo_msgs_generate_messages_eus.dir/build.make
	modified:   build/fira_maze/CMakeFiles/gazebo_msgs_generate_messages_lisp.dir/build.make
	modified:   build/fira_maze/CMakeFiles/gazebo_msgs_generate_messages_nodejs.dir/build.make
	modified:   build/fira_maze/CMakeFiles/gazebo_msgs_generate_messages_py.dir/build.make
	modified:   build/fira_maze/CMakeFiles/gazebo_ros_gencfg.dir/build.make
	deleted:    build/fira_maze/CMakeFiles/geometry_msgs_generate_messages_cpp.dir/DependInfo.cmake
	deleted:    build/fira_maze/CMakeFiles/geometry_msgs_generate_messages_cpp.dir/build.make
	deleted:    build/fira_maze/CMakeFiles/geometry_msgs_generate_messages_cpp.dir/cmake_clean.cmake
	deleted:    build/fira_maze/CMakeFiles/geometry_msgs_generate_messages_cpp.dir/depend.internal
	deleted:    build/fira_maze/CMakeFiles/geometry_msgs_generate_messages_cpp.dir/depend.make
	deleted:    build/fira_maze/CMakeFiles/geometry_msgs_generate_messages_cpp.dir/progress.make
	deleted:    build/fira_maze/CMakeFiles/geometry_msgs_generate_messages_eus.dir/DependInfo.cmake
	deleted:    build/fira_maze/CMakeFiles/geometry_msgs_generate_messages_eus.dir/build.make
	deleted:    build/fira_maze/CMakeFiles/geometry_msgs_generate_messages_eus.dir/cmake_clean.cmake
	deleted:    build/fira_maze/CMakeFiles/geometry_msgs_generate_messages_eus.dir/depend.internal
	deleted:    build/fira_maze/CMakeFiles/geometry_msgs_generate_messages_eus.dir/depend.make
	deleted:    build/fira_maze/CMakeFiles/geometry_msgs_generate_messages_eus.dir/progress.make
	deleted:    build/fira_maze/CMakeFiles/geometry_msgs_generate_messages_lisp.dir/DependInfo.cmake
	deleted:    build/fira_maze/CMakeFiles/geometry_msgs_generate_messages_lisp.dir/build.make
	deleted:    build/fira_maze/CMakeFiles/geometry_msgs_generate_messages_lisp.dir/cmake_clean.cmake
	deleted:    build/fira_maze/CMakeFiles/geometry_msgs_generate_messages_lisp.dir/depend.internal
	deleted:    build/fira_maze/CMakeFiles/geometry_msgs_generate_messages_lisp.dir/depend.make
	deleted:    build/fira_maze/CMakeFiles/geometry_msgs_generate_messages_lisp.dir/progress.make
	deleted:    build/fira_maze/CMakeFiles/geometry_msgs_generate_messages_nodejs.dir/DependInfo.cmake
	deleted:    build/fira_maze/CMakeFiles/geometry_msgs_generate_messages_nodejs.dir/build.make
	deleted:    build/fira_maze/CMakeFiles/geometry_msgs_generate_messages_nodejs.dir/cmake_clean.cmake
	deleted:    build/fira_maze/CMakeFiles/geometry_msgs_generate_messages_nodejs.dir/depend.internal
	deleted:    build/fira_maze/CMakeFiles/geometry_msgs_generate_messages_nodejs.dir/depend.make
	deleted:    build/fira_maze/CMakeFiles/geometry_msgs_generate_messages_nodejs.dir/progress.make
	deleted:    build/fira_maze/CMakeFiles/geometry_msgs_generate_messages_py.dir/DependInfo.cmake
	deleted:    build/fira_maze/CMakeFiles/geometry_msgs_generate_messages_py.dir/build.make
	deleted:    build/fira_maze/CMakeFiles/geometry_msgs_generate_messages_py.dir/cmake_clean.cmake
	deleted:    build/fira_maze/CMakeFiles/geometry_msgs_generate_messages_py.dir/depend.internal
	deleted:    build/fira_maze/CMakeFiles/geometry_msgs_generate_messages_py.dir/depend.make
	deleted:    build/fira_maze/CMakeFiles/geometry_msgs_generate_messages_py.dir/progress.make
	modified:   build/fira_maze/CMakeFiles/progress.marks
	deleted:    build/fira_maze/CMakeFiles/roscpp_generate_messages_cpp.dir/DependInfo.cmake
	deleted:    build/fira_maze/CMakeFiles/roscpp_generate_messages_cpp.dir/build.make
	deleted:    build/fira_maze/CMakeFiles/roscpp_generate_messages_cpp.dir/cmake_clean.cmake
	deleted:    build/fira_maze/CMakeFiles/roscpp_generate_messages_cpp.dir/depend.internal
	deleted:    build/fira_maze/CMakeFiles/roscpp_generate_messages_cpp.dir/depend.make
	deleted:    build/fira_maze/CMakeFiles/roscpp_generate_messages_cpp.dir/progress.make
	deleted:    build/fira_maze/CMakeFiles/roscpp_generate_messages_eus.dir/DependInfo.cmake
	deleted:    build/fira_maze/CMakeFiles/roscpp_generate_messages_eus.dir/build.make
	deleted:    build/fira_maze/CMakeFiles/roscpp_generate_messages_eus.dir/cmake_clean.cmake
	deleted:    build/fira_maze/CMakeFiles/roscpp_generate_messages_eus.dir/depend.internal
	deleted:    build/fira_maze/CMakeFiles/roscpp_generate_messages_eus.dir/depend.make
	deleted:    build/fira_maze/CMakeFiles/roscpp_generate_messages_eus.dir/progress.make
	deleted:    build/fira_maze/CMakeFiles/roscpp_generate_messages_lisp.dir/DependInfo.cmake
	deleted:    build/fira_maze/CMakeFiles/roscpp_generate_messages_lisp.dir/build.make
	deleted:    build/fira_maze/CMakeFiles/roscpp_generate_messages_lisp.dir/cmake_clean.cmake
	deleted:    build/fira_maze/CMakeFiles/roscpp_generate_messages_lisp.dir/depend.internal
	deleted:    build/fira_maze/CMakeFiles/roscpp_generate_messages_lisp.dir/depend.make
	deleted:    build/fira_maze/CMakeFiles/roscpp_generate_messages_lisp.dir/progress.make
	deleted:    build/fira_maze/CMakeFiles/roscpp_generate_messages_nodejs.dir/DependInfo.cmake
	deleted:    build/fira_maze/CMakeFiles/roscpp_generate_messages_nodejs.dir/build.make
	deleted:    build/fira_maze/CMakeFiles/roscpp_generate_messages_nodejs.dir/cmake_clean.cmake
	deleted:    build/fira_maze/CMakeFiles/roscpp_generate_messages_nodejs.dir/depend.internal
	deleted:    build/fira_maze/CMakeFiles/roscpp_generate_messages_nodejs.dir/depend.make
	deleted:    build/fira_maze/CMakeFiles/roscpp_generate_messages_nodejs.dir/progress.make
	deleted:    build/fira_maze/CMakeFiles/roscpp_generate_messages_py.dir/DependInfo.cmake
	deleted:    build/fira_maze/CMakeFiles/roscpp_generate_messages_py.dir/build.make
	deleted:    build/fira_maze/CMakeFiles/roscpp_generate_messages_py.dir/cmake_clean.cmake
	deleted:    build/fira_maze/CMakeFiles/roscpp_generate_messages_py.dir/depend.internal
	deleted:    build/fira_maze/CMakeFiles/roscpp_generate_messages_py.dir/depend.make
	deleted:    build/fira_maze/CMakeFiles/roscpp_generate_messages_py.dir/progress.make
	deleted:    build/fira_maze/CMakeFiles/rosgraph_msgs_generate_messages_cpp.dir/DependInfo.cmake
	deleted:    build/fira_maze/CMakeFiles/rosgraph_msgs_generate_messages_cpp.dir/build.make
	deleted:    build/fira_maze/CMakeFiles/rosgraph_msgs_generate_messages_cpp.dir/cmake_clean.cmake
	deleted:    build/fira_maze/CMakeFiles/rosgraph_msgs_generate_messages_cpp.dir/depend.internal
	deleted:    build/fira_maze/CMakeFiles/rosgraph_msgs_generate_messages_cpp.dir/depend.make
	deleted:    build/fira_maze/CMakeFiles/rosgraph_msgs_generate_messages_cpp.dir/progress.make
	deleted:    build/fira_maze/CMakeFiles/rosgraph_msgs_generate_messages_eus.dir/DependInfo.cmake
	deleted:    build/fira_maze/CMakeFiles/rosgraph_msgs_generate_messages_eus.dir/build.make
	deleted:    build/fira_maze/CMakeFiles/rosgraph_msgs_generate_messages_eus.dir/cmake_clean.cmake
	deleted:    build/fira_maze/CMakeFiles/rosgraph_msgs_generate_messages_eus.dir/depend.internal
	deleted:    build/fira_maze/CMakeFiles/rosgraph_msgs_generate_messages_eus.dir/depend.make
	deleted:    build/fira_maze/CMakeFiles/rosgraph_msgs_generate_messages_eus.dir/progress.make
	deleted:    build/fira_maze/CMakeFiles/rosgraph_msgs_generate_messages_lisp.dir/DependInfo.cmake
	deleted:    build/fira_maze/CMakeFiles/rosgraph_msgs_generate_messages_lisp.dir/build.make
	deleted:    build/fira_maze/CMakeFiles/rosgraph_msgs_generate_messages_lisp.dir/cmake_clean.cmake
	deleted:    build/fira_maze/CMakeFiles/rosgraph_msgs_generate_messages_lisp.dir/depend.internal
	deleted:    build/fira_maze/CMakeFiles/rosgraph_msgs_generate_messages_lisp.dir/depend.make
	deleted:    build/fira_maze/CMakeFiles/rosgraph_msgs_generate_messages_lisp.dir/progress.make
	deleted:    build/fira_maze/CMakeFiles/rosgraph_msgs_generate_messages_nodejs.dir/DependInfo.cmake
	deleted:    build/fira_maze/CMakeFiles/rosgraph_msgs_generate_messages_nodejs.dir/build.make
	deleted:    build/fira_maze/CMakeFiles/rosgraph_msgs_generate_messages_nodejs.dir/cmake_clean.cmake
	deleted:    build/fira_maze/CMakeFiles/rosgraph_msgs_generate_messages_nodejs.dir/depend.internal
	deleted:    build/fira_maze/CMakeFiles/rosgraph_msgs_generate_messages_nodejs.dir/depend.make
	deleted:    build/fira_maze/CMakeFiles/rosgraph_msgs_generate_messages_nodejs.dir/progress.make
	deleted:    build/fira_maze/CMakeFiles/rosgraph_msgs_generate_messages_py.dir/DependInfo.cmake
	deleted:    build/fira_maze/CMakeFiles/rosgraph_msgs_generate_messages_py.dir/build.make
	deleted:    build/fira_maze/CMakeFiles/rosgraph_msgs_generate_messages_py.dir/cmake_clean.cmake
	deleted:    build/fira_maze/CMakeFiles/rosgraph_msgs_generate_messages_py.dir/depend.internal
	deleted:    build/fira_maze/CMakeFiles/rosgraph_msgs_generate_messages_py.dir/depend.make
	deleted:    build/fira_maze/CMakeFiles/rosgraph_msgs_generate_messages_py.dir/progress.make
	modified:   build/fira_maze/CMakeFiles/sensor_msgs_generate_messages_cpp.dir/build.make
	modified:   build/fira_maze/CMakeFiles/sensor_msgs_generate_messages_cpp.dir/depend.internal
	modified:   build/fira_maze/CMakeFiles/sensor_msgs_generate_messages_cpp.dir/depend.make
	modified:   build/fira_maze/CMakeFiles/sensor_msgs_generate_messages_eus.dir/build.make
	modified:   build/fira_maze/CMakeFiles/sensor_msgs_generate_messages_eus.dir/depend.internal
	modified:   build/fira_maze/CMakeFiles/sensor_msgs_generate_messages_eus.dir/depend.make
	modified:   build/fira_maze/CMakeFiles/sensor_msgs_generate_messages_lisp.dir/build.make
	modified:   build/fira_maze/CMakeFiles/sensor_msgs_generate_messages_lisp.dir/depend.internal
	modified:   build/fira_maze/CMakeFiles/sensor_msgs_generate_messages_lisp.dir/depend.make
	modified:   build/fira_maze/CMakeFiles/sensor_msgs_generate_messages_nodejs.dir/build.make
	modified:   build/fira_maze/CMakeFiles/sensor_msgs_generate_messages_nodejs.dir/depend.internal
	modified:   build/fira_maze/CMakeFiles/sensor_msgs_generate_messages_nodejs.dir/depend.make
	modified:   build/fira_maze/CMakeFiles/sensor_msgs_generate_messages_py.dir/build.make
	modified:   build/fira_maze/CMakeFiles/sensor_msgs_generate_messages_py.dir/depend.internal
	modified:   build/fira_maze/CMakeFiles/sensor_msgs_generate_messages_py.dir/depend.make
	modified:   build/fira_maze/CMakeFiles/std_srvs_generate_messages_cpp.dir/build.make
	modified:   build/fira_maze/CMakeFiles/std_srvs_generate_messages_eus.dir/build.make
	modified:   build/fira_maze/CMakeFiles/std_srvs_generate_messages_lisp.dir/build.make
	modified:   build/fira_maze/CMakeFiles/std_srvs_generate_messages_nodejs.dir/build.make
	modified:   build/fira_maze/CMakeFiles/std_srvs_generate_messages_py.dir/build.make
	deleted:    build/fira_maze/CMakeFiles/tf2_msgs_generate_messages_cpp.dir/DependInfo.cmake
	deleted:    build/fira_maze/CMakeFiles/tf2_msgs_generate_messages_cpp.dir/build.make
	deleted:    build/fira_maze/CMakeFiles/tf2_msgs_generate_messages_cpp.dir/cmake_clean.cmake
	deleted:    build/fira_maze/CMakeFiles/tf2_msgs_generate_messages_cpp.dir/progress.make
	deleted:    build/fira_maze/CMakeFiles/tf2_msgs_generate_messages_eus.dir/DependInfo.cmake
	deleted:    build/fira_maze/CMakeFiles/tf2_msgs_generate_messages_eus.dir/build.make
	deleted:    build/fira_maze/CMakeFiles/tf2_msgs_generate_messages_eus.dir/cmake_clean.cmake
	deleted:    build/fira_maze/CMakeFiles/tf2_msgs_generate_messages_eus.dir/progress.make
	deleted:    build/fira_maze/CMakeFiles/tf2_msgs_generate_messages_lisp.dir/DependInfo.cmake
	deleted:    build/fira_maze/CMakeFiles/tf2_msgs_generate_messages_lisp.dir/build.make
	deleted:    build/fira_maze/CMakeFiles/tf2_msgs_generate_messages_lisp.dir/cmake_clean.cmake
	deleted:    build/fira_maze/CMakeFiles/tf2_msgs_generate_messages_lisp.dir/progress.make
	deleted:    build/fira_maze/CMakeFiles/tf2_msgs_generate_messages_nodejs.dir/DependInfo.cmake
	deleted:    build/fira_maze/CMakeFiles/tf2_msgs_generate_messages_nodejs.dir/build.make
	deleted:    build/fira_maze/CMakeFiles/tf2_msgs_generate_messages_nodejs.dir/cmake_clean.cmake
	deleted:    build/fira_maze/CMakeFiles/tf2_msgs_generate_messages_nodejs.dir/progress.make
	deleted:    build/fira_maze/CMakeFiles/tf2_msgs_generate_messages_py.dir/DependInfo.cmake
	deleted:    build/fira_maze/CMakeFiles/tf2_msgs_generate_messages_py.dir/build.make
	deleted:    build/fira_maze/CMakeFiles/tf2_msgs_generate_messages_py.dir/cmake_clean.cmake
	deleted:    build/fira_maze/CMakeFiles/tf2_msgs_generate_messages_py.dir/progress.make
	modified:   build/fira_maze/CMakeFiles/tf_generate_messages_cpp.dir/build.make
	modified:   build/fira_maze/CMakeFiles/tf_generate_messages_eus.dir/build.make
	modified:   build/fira_maze/CMakeFiles/tf_generate_messages_lisp.dir/build.make
	modified:   build/fira_maze/CMakeFiles/tf_generate_messages_nodejs.dir/build.make
	modified:   build/fira_maze/CMakeFiles/tf_generate_messages_py.dir/build.make
	modified:   build/fira_maze/CMakeFiles/trajectory_msgs_generate_messages_cpp.dir/build.make
	modified:   build/fira_maze/CMakeFiles/trajectory_msgs_generate_messages_eus.dir/build.make
	modified:   build/fira_maze/CMakeFiles/trajectory_msgs_generate_messages_lisp.dir/build.make
	modified:   build/fira_maze/CMakeFiles/trajectory_msgs_generate_messages_nodejs.dir/build.make
	modified:   build/fira_maze/CMakeFiles/trajectory_msgs_generate_messages_py.dir/build.make
	modified:   build/fira_maze/Makefile
	modified:   build/fira_maze/catkin_generated/installspace/fira_mazeConfig.cmake
	modified:   build/fira_maze/catkin_generated/ordered_paths.cmake
	modified:   build/fira_maze/cmake_install.cmake
	modified:   build/gtest/CMakeFiles/CMakeDirectoryInformation.cmake
	modified:   build/gtest/Makefile
	modified:   build/gtest/googlemock/CMakeFiles/CMakeDirectoryInformation.cmake
	modified:   build/gtest/googlemock/CMakeFiles/gmock.dir/DependInfo.cmake
	modified:   build/gtest/googlemock/CMakeFiles/gmock.dir/build.make
	modified:   build/gtest/googlemock/CMakeFiles/gmock.dir/cmake_clean.cmake
	modified:   build/gtest/googlemock/CMakeFiles/gmock.dir/flags.make
	modified:   build/gtest/googlemock/CMakeFiles/gmock.dir/link.txt
	modified:   build/gtest/googlemock/CMakeFiles/gmock.dir/progress.make
	modified:   build/gtest/googlemock/CMakeFiles/gmock_main.dir/DependInfo.cmake
	modified:   build/gtest/googlemock/CMakeFiles/gmock_main.dir/build.make
	modified:   build/gtest/googlemock/CMakeFiles/gmock_main.dir/cmake_clean.cmake
	modified:   build/gtest/googlemock/CMakeFiles/gmock_main.dir/flags.make
	modified:   build/gtest/googlemock/CMakeFiles/gmock_main.dir/link.txt
	modified:   build/gtest/googlemock/CMakeFiles/gmock_main.dir/progress.make
	modified:   build/gtest/googlemock/CTestTestfile.cmake
	modified:   build/gtest/googlemock/Makefile
	modified:   build/gtest/googlemock/cmake_install.cmake
	deleted:    build/gtest/googletest/CMakeFiles/CMakeDirectoryInformation.cmake
	deleted:    build/gtest/googletest/CMakeFiles/gtest.dir/DependInfo.cmake
	deleted:    build/gtest/googletest/CMakeFiles/gtest.dir/build.make
	deleted:    build/gtest/googletest/CMakeFiles/gtest.dir/cmake_clean.cmake
	deleted:    build/gtest/googletest/CMakeFiles/gtest.dir/depend.make
	deleted:    build/gtest/googletest/CMakeFiles/gtest.dir/flags.make
	deleted:    build/gtest/googletest/CMakeFiles/gtest.dir/link.txt
	deleted:    build/gtest/googletest/CMakeFiles/gtest.dir/progress.make
	deleted:    build/gtest/googletest/CMakeFiles/gtest_main.dir/DependInfo.cmake
	deleted:    build/gtest/googletest/CMakeFiles/gtest_main.dir/build.make
	deleted:    build/gtest/googletest/CMakeFiles/gtest_main.dir/cmake_clean.cmake
	deleted:    build/gtest/googletest/CMakeFiles/gtest_main.dir/depend.make
	deleted:    build/gtest/googletest/CMakeFiles/gtest_main.dir/flags.make
	deleted:    build/gtest/googletest/CMakeFiles/gtest_main.dir/link.txt
	deleted:    build/gtest/googletest/CMakeFiles/gtest_main.dir/progress.make
	deleted:    build/gtest/googletest/CMakeFiles/progress.marks
	deleted:    build/gtest/googletest/CTestTestfile.cmake
	deleted:    build/gtest/googletest/Makefile
	deleted:    build/gtest/googletest/cmake_install.cmake
	deleted:    build/gtest/googletest/generated/GTestConfig.cmake
	deleted:    build/gtest/googletest/generated/GTestConfigVersion.cmake
	deleted:    build/gtest/googletest/generated/gmock.pc
	deleted:    build/gtest/googletest/generated/gmock_main.pc
	deleted:    build/gtest/googletest/generated/gtest.pc
	deleted:    build/gtest/googletest/generated/gtest_main.pc
	modified:   build/turtlebot3/turtlebot3/CMakeFiles/CMakeDirectoryInformation.cmake
	deleted:    build/turtlebot3/turtlebot3/CMakeFiles/_catkin_empty_exported_target.dir/DependInfo.cmake
	deleted:    build/turtlebot3/turtlebot3/CMakeFiles/_catkin_empty_exported_target.dir/build.make
	deleted:    build/turtlebot3/turtlebot3/CMakeFiles/_catkin_empty_exported_target.dir/cmake_clean.cmake
	deleted:    build/turtlebot3/turtlebot3/CMakeFiles/_catkin_empty_exported_target.dir/progress.make
	modified:   build/turtlebot3/turtlebot3/Makefile
	modified:   build/turtlebot3/turtlebot3_bringup/CMakeFiles/CMakeDirectoryInformation.cmake
	modified:   build/turtlebot3/turtlebot3_bringup/CMakeFiles/diagnostic_msgs_generate_messages_cpp.dir/build.make
	modified:   build/turtlebot3/turtlebot3_bringup/CMakeFiles/diagnostic_msgs_generate_messages_cpp.dir/depend.internal
	modified:   build/turtlebot3/turtlebot3_bringup/CMakeFiles/diagnostic_msgs_generate_messages_cpp.dir/depend.make
	modified:   build/turtlebot3/turtlebot3_bringup/CMakeFiles/diagnostic_msgs_generate_messages_eus.dir/build.make
	modified:   build/turtlebot3/turtlebot3_bringup/CMakeFiles/diagnostic_msgs_generate_messages_eus.dir/depend.internal
	modified:   build/turtlebot3/turtlebot3_bringup/CMakeFiles/diagnostic_msgs_generate_messages_eus.dir/depend.make
	modified:   build/turtlebot3/turtlebot3_bringup/CMakeFiles/diagnostic_msgs_generate_messages_lisp.dir/build.make
	modified:   build/turtlebot3/turtlebot3_bringup/CMakeFiles/diagnostic_msgs_generate_messages_lisp.dir/depend.internal
	modified:   build/turtlebot3/turtlebot3_bringup/CMakeFiles/diagnostic_msgs_generate_messages_lisp.dir/depend.make
	modified:   build/turtlebot3/turtlebot3_bringup/CMakeFiles/diagnostic_msgs_generate_messages_nodejs.dir/build.make
	modified:   build/turtlebot3/turtlebot3_bringup/CMakeFiles/diagnostic_msgs_generate_messages_nodejs.dir/depend.internal
	modified:   build/turtlebot3/turtlebot3_bringup/CMakeFiles/diagnostic_msgs_generate_messages_nodejs.dir/depend.make
	modified:   build/turtlebot3/turtlebot3_bringup/CMakeFiles/diagnostic_msgs_generate_messages_py.dir/build.make
	modified:   build/turtlebot3/turtlebot3_bringup/CMakeFiles/diagnostic_msgs_generate_messages_py.dir/depend.internal
	modified:   build/turtlebot3/turtlebot3_bringup/CMakeFiles/diagnostic_msgs_generate_messages_py.dir/depend.make
	modified:   build/turtlebot3/turtlebot3_bringup/CMakeFiles/progress.marks
	modified:   build/turtlebot3/turtlebot3_bringup/CMakeFiles/turtlebot3_diagnostics.dir/CXX.includecache
	modified:   build/turtlebot3/turtlebot3_bringup/CMakeFiles/turtlebot3_diagnostics.dir/DependInfo.cmake
	modified:   build/turtlebot3/turtlebot3_bringup/CMakeFiles/turtlebot3_diagnostics.dir/build.make
	modified:   build/turtlebot3/turtlebot3_bringup/CMakeFiles/turtlebot3_diagnostics.dir/cmake_clean.cmake
	modified:   build/turtlebot3/turtlebot3_bringup/CMakeFiles/turtlebot3_diagnostics.dir/depend.internal
	modified:   build/turtlebot3/turtlebot3_bringup/CMakeFiles/turtlebot3_diagnostics.dir/depend.make
	modified:   build/turtlebot3/turtlebot3_bringup/CMakeFiles/turtlebot3_diagnostics.dir/flags.make
	modified:   build/turtlebot3/turtlebot3_bringup/CMakeFiles/turtlebot3_diagnostics.dir/link.txt
	modified:   build/turtlebot3/turtlebot3_bringup/CMakeFiles/turtlebot3_diagnostics.dir/progress.make
	modified:   build/turtlebot3/turtlebot3_bringup/CMakeFiles/turtlebot3_diagnostics.dir/src/turtlebot3_diagnostics.cpp.o
	modified:   build/turtlebot3/turtlebot3_bringup/Makefile
	modified:   build/turtlebot3/turtlebot3_bringup/catkin_generated/installspace/turtlebot3_bringupConfig.cmake
	modified:   build/turtlebot3/turtlebot3_bringup/catkin_generated/ordered_paths.cmake
	modified:   build/turtlebot3/turtlebot3_bringup/cmake_install.cmake
	modified:   build/turtlebot3/turtlebot3_description/CMakeFiles/CMakeDirectoryInformation.cmake
	modified:   build/turtlebot3/turtlebot3_description/CMakeFiles/turtlebot3_description_xacro_generated_to_devel_space_.dir/build.make
	modified:   build/turtlebot3/turtlebot3_description/CMakeFiles/turtlebot3_description_xacro_generated_to_devel_space_.dir/depend.internal
	modified:   build/turtlebot3/turtlebot3_description/CMakeFiles/turtlebot3_description_xacro_generated_to_devel_space_.dir/depend.make
	modified:   build/turtlebot3/turtlebot3_description/Makefile
	modified:   build/turtlebot3/turtlebot3_description/catkin_generated/installspace/turtlebot3_descriptionConfig.cmake
	modified:   build/turtlebot3/turtlebot3_description/catkin_generated/ordered_paths.cmake
	modified:   build/turtlebot3/turtlebot3_example/CMakeFiles/CMakeDirectoryInformation.cmake
	modified:   build/turtlebot3/turtlebot3_example/CMakeFiles/_turtlebot3_example_generate_messages_check_deps_Turtlebot3Action.dir/build.make
	modified:   build/turtlebot3/turtlebot3_example/CMakeFiles/_turtlebot3_example_generate_messages_check_deps_Turtlebot3Action.dir/depend.internal
	modified:   build/turtlebot3/turtlebot3_example/CMakeFiles/_turtlebot3_example_generate_messages_check_deps_Turtlebot3Action.dir/depend.make
	modified:   build/turtlebot3/turtlebot3_example/CMakeFiles/_turtlebot3_example_generate_messages_check_deps_Turtlebot3ActionFeedback.dir/build.make
	modified:   build/turtlebot3/turtlebot3_example/CMakeFiles/_turtlebot3_example_generate_messages_check_deps_Turtlebot3ActionFeedback.dir/depend.internal
	modified:   build/turtlebot3/turtlebot3_example/CMakeFiles/_turtlebot3_example_generate_messages_check_deps_Turtlebot3ActionFeedback.dir/depend.make
	modified:   build/turtlebot3/turtlebot3_example/CMakeFiles/_turtlebot3_example_generate_messages_check_deps_Turtlebot3ActionGoal.dir/build.make
	modified:   build/turtlebot3/turtlebot3_example/CMakeFiles/_turtlebot3_example_generate_messages_check_deps_Turtlebot3ActionGoal.dir/depend.internal
	modified:   build/turtlebot3/turtlebot3_example/CMakeFiles/_turtlebot3_example_generate_messages_check_deps_Turtlebot3ActionGoal.dir/depend.make
	modified:   build/turtlebot3/turtlebot3_example/CMakeFiles/_turtlebot3_example_generate_messages_check_deps_Turtlebot3ActionResult.dir/build.make
	modified:   build/turtlebot3/turtlebot3_example/CMakeFiles/_turtlebot3_example_generate_messages_check_deps_Turtlebot3ActionResult.dir/depend.internal
	modified:   build/turtlebot3/turtlebot3_example/CMakeFiles/_turtlebot3_example_generate_messages_check_deps_Turtlebot3ActionResult.dir/depend.make
	modified:   build/turtlebot3/turtlebot3_example/CMakeFiles/_turtlebot3_example_generate_messages_check_deps_Turtlebot3Feedback.dir/build.make
	modified:   build/turtlebot3/turtlebot3_example/CMakeFiles/_turtlebot3_example_generate_messages_check_deps_Turtlebot3Feedback.dir/depend.internal
	modified:   build/turtlebot3/turtlebot3_example/CMakeFiles/_turtlebot3_example_generate_messages_check_deps_Turtlebot3Feedback.dir/depend.make
	modified:   build/turtlebot3/turtlebot3_example/CMakeFiles/_turtlebot3_example_generate_messages_check_deps_Turtlebot3Goal.dir/build.make
	modified:   build/turtlebot3/turtlebot3_example/CMakeFiles/_turtlebot3_example_generate_messages_check_deps_Turtlebot3Goal.dir/depend.internal
	modified:   build/turtlebot3/turtlebot3_example/CMakeFiles/_turtlebot3_example_generate_messages_check_deps_Turtlebot3Goal.dir/depend.make
	modified:   build/turtlebot3/turtlebot3_example/CMakeFiles/_turtlebot3_example_generate_messages_check_deps_Turtlebot3Result.dir/build.make
	modified:   build/turtlebot3/turtlebot3_example/CMakeFiles/_turtlebot3_example_generate_messages_check_deps_Turtlebot3Result.dir/depend.internal
	modified:   build/turtlebot3/turtlebot3_example/CMakeFiles/_turtlebot3_example_generate_messages_check_deps_Turtlebot3Result.dir/depend.make
	deleted:    build/turtlebot3/turtlebot3_example/CMakeFiles/nav_msgs_generate_messages_cpp.dir/DependInfo.cmake
	deleted:    build/turtlebot3/turtlebot3_example/CMakeFiles/nav_msgs_generate_messages_cpp.dir/build.make
	deleted:    build/turtlebot3/turtlebot3_example/CMakeFiles/nav_msgs_generate_messages_cpp.dir/cmake_clean.cmake
	deleted:    build/turtlebot3/turtlebot3_example/CMakeFiles/nav_msgs_generate_messages_cpp.dir/progress.make
	deleted:    build/turtlebot3/turtlebot3_example/CMakeFiles/nav_msgs_generate_messages_eus.dir/DependInfo.cmake
	deleted:    build/turtlebot3/turtlebot3_example/CMakeFiles/nav_msgs_generate_messages_eus.dir/build.make
	deleted:    build/turtlebot3/turtlebot3_example/CMakeFiles/nav_msgs_generate_messages_eus.dir/cmake_clean.cmake
	deleted:    build/turtlebot3/turtlebot3_example/CMakeFiles/nav_msgs_generate_messages_eus.dir/progress.make
	deleted:    build/turtlebot3/turtlebot3_example/CMakeFiles/nav_msgs_generate_messages_lisp.dir/DependInfo.cmake
	deleted:    build/turtlebot3/turtlebot3_example/CMakeFiles/nav_msgs_generate_messages_lisp.dir/build.make
	deleted:    build/turtlebot3/turtlebot3_example/CMakeFiles/nav_msgs_generate_messages_lisp.dir/cmake_clean.cmake
	deleted:    build/turtlebot3/turtlebot3_example/CMakeFiles/nav_msgs_generate_messages_lisp.dir/progress.make
	deleted:    build/turtlebot3/turtlebot3_example/CMakeFiles/nav_msgs_generate_messages_nodejs.dir/DependInfo.cmake
	deleted:    build/turtlebot3/turtlebot3_example/CMakeFiles/nav_msgs_generate_messages_nodejs.dir/build.make
	deleted:    build/turtlebot3/turtlebot3_example/CMakeFiles/nav_msgs_generate_messages_nodejs.dir/cmake_clean.cmake
	deleted:    build/turtlebot3/turtlebot3_example/CMakeFiles/nav_msgs_generate_messages_nodejs.dir/progress.make
	deleted:    build/turtlebot3/turtlebot3_example/CMakeFiles/nav_msgs_generate_messages_py.dir/DependInfo.cmake
	deleted:    build/turtlebot3/turtlebot3_example/CMakeFiles/nav_msgs_generate_messages_py.dir/build.make
	deleted:    build/turtlebot3/turtlebot3_example/CMakeFiles/nav_msgs_generate_messages_py.dir/cmake_clean.cmake
	deleted:    build/turtlebot3/turtlebot3_example/CMakeFiles/nav_msgs_generate_messages_py.dir/progress.make
	modified:   build/turtlebot3/turtlebot3_example/CMakeFiles/progress.marks
	modified:   build/turtlebot3/turtlebot3_example/CMakeFiles/turtlebot3_example_gencpp.dir/build.make
	modified:   build/turtlebot3/turtlebot3_example/CMakeFiles/turtlebot3_example_generate_messages.dir/build.make
	modified:   build/turtlebot3/turtlebot3_example/CMakeFiles/turtlebot3_example_generate_messages.dir/depend.internal
	modified:   build/turtlebot3/turtlebot3_example/CMakeFiles/turtlebot3_example_generate_messages.dir/depend.make
	modified:   build/turtlebot3/turtlebot3_example/CMakeFiles/turtlebot3_example_generate_messages_cpp.dir/build.make
	modified:   build/turtlebot3/turtlebot3_example/CMakeFiles/turtlebot3_example_generate_messages_cpp.dir/cmake_clean.cmake
	modified:   build/turtlebot3/turtlebot3_example/CMakeFiles/turtlebot3_example_generate_messages_cpp.dir/depend.internal
	modified:   build/turtlebot3/turtlebot3_example/CMakeFiles/turtlebot3_example_generate_messages_cpp.dir/depend.make
	modified:   build/turtlebot3/turtlebot3_example/CMakeFiles/turtlebot3_example_generate_messages_cpp.dir/progress.make
	modified:   build/turtlebot3/turtlebot3_example/CMakeFiles/turtlebot3_example_generate_messages_eus.dir/build.make
	modified:   build/turtlebot3/turtlebot3_example/CMakeFiles/turtlebot3_example_generate_messages_eus.dir/cmake_clean.cmake
	modified:   build/turtlebot3/turtlebot3_example/CMakeFiles/turtlebot3_example_generate_messages_eus.dir/depend.internal
	modified:   build/turtlebot3/turtlebot3_example/CMakeFiles/turtlebot3_example_generate_messages_eus.dir/depend.make
	modified:   build/turtlebot3/turtlebot3_example/CMakeFiles/turtlebot3_example_generate_messages_eus.dir/progress.make
	modified:   build/turtlebot3/turtlebot3_example/CMakeFiles/turtlebot3_example_generate_messages_lisp.dir/build.make
	modified:   build/turtlebot3/turtlebot3_example/CMakeFiles/turtlebot3_example_generate_messages_lisp.dir/cmake_clean.cmake
	modified:   build/turtlebot3/turtlebot3_example/CMakeFiles/turtlebot3_example_generate_messages_lisp.dir/depend.internal
	modified:   build/turtlebot3/turtlebot3_example/CMakeFiles/turtlebot3_example_generate_messages_lisp.dir/depend.make
	modified:   build/turtlebot3/turtlebot3_example/CMakeFiles/turtlebot3_example_generate_messages_lisp.dir/progress.make
	modified:   build/turtlebot3/turtlebot3_example/CMakeFiles/turtlebot3_example_generate_messages_nodejs.dir/build.make
	modified:   build/turtlebot3/turtlebot3_example/CMakeFiles/turtlebot3_example_generate_messages_nodejs.dir/cmake_clean.cmake
	modified:   build/turtlebot3/turtlebot3_example/CMakeFiles/turtlebot3_example_generate_messages_nodejs.dir/depend.internal
	modified:   build/turtlebot3/turtlebot3_example/CMakeFiles/turtlebot3_example_generate_messages_nodejs.dir/depend.make
	modified:   build/turtlebot3/turtlebot3_example/CMakeFiles/turtlebot3_example_generate_messages_nodejs.dir/progress.make
	modified:   build/turtlebot3/turtlebot3_example/CMakeFiles/turtlebot3_example_generate_messages_py.dir/build.make
	modified:   build/turtlebot3/turtlebot3_example/CMakeFiles/turtlebot3_example_generate_messages_py.dir/cmake_clean.cmake
	modified:   build/turtlebot3/turtlebot3_example/CMakeFiles/turtlebot3_example_generate_messages_py.dir/depend.internal
	modified:   build/turtlebot3/turtlebot3_example/CMakeFiles/turtlebot3_example_generate_messages_py.dir/depend.make
	modified:   build/turtlebot3/turtlebot3_example/CMakeFiles/turtlebot3_example_generate_messages_py.dir/progress.make
	modified:   build/turtlebot3/turtlebot3_example/CMakeFiles/turtlebot3_example_geneus.dir/build.make
	modified:   build/turtlebot3/turtlebot3_example/CMakeFiles/turtlebot3_example_genlisp.dir/build.make
	modified:   build/turtlebot3/turtlebot3_example/CMakeFiles/turtlebot3_example_gennodejs.dir/build.make
	modified:   build/turtlebot3/turtlebot3_example/CMakeFiles/turtlebot3_example_genpy.dir/build.make
	modified:   build/turtlebot3/turtlebot3_example/CMakeFiles/visualization_msgs_generate_messages_cpp.dir/build.make
	modified:   build/turtlebot3/turtlebot3_example/CMakeFiles/visualization_msgs_generate_messages_eus.dir/build.make
	modified:   build/turtlebot3/turtlebot3_example/CMakeFiles/visualization_msgs_generate_messages_lisp.dir/build.make
	modified:   build/turtlebot3/turtlebot3_example/CMakeFiles/visualization_msgs_generate_messages_nodejs.dir/build.make
	modified:   build/turtlebot3/turtlebot3_example/CMakeFiles/visualization_msgs_generate_messages_py.dir/build.make
	modified:   build/turtlebot3/turtlebot3_example/Makefile
	modified:   build/turtlebot3/turtlebot3_example/catkin_generated/installspace/turtlebot3_bumper
	modified:   build/turtlebot3/turtlebot3_example/catkin_generated/installspace/turtlebot3_client
	modified:   build/turtlebot3/turtlebot3_example/catkin_generated/installspace/turtlebot3_cliff
	modified:   build/turtlebot3/turtlebot3_example/catkin_generated/installspace/turtlebot3_exampleConfig.cmake
	modified:   build/turtlebot3/turtlebot3_example/catkin_generated/installspace/turtlebot3_illumination
	modified:   build/turtlebot3/turtlebot3_example/catkin_generated/installspace/turtlebot3_marker_server
	modified:   build/turtlebot3/turtlebot3_example/catkin_generated/installspace/turtlebot3_obstacle
	modified:   build/turtlebot3/turtlebot3_example/catkin_generated/installspace/turtlebot3_pointop_key
	modified:   build/turtlebot3/turtlebot3_example/catkin_generated/installspace/turtlebot3_server
	modified:   build/turtlebot3/turtlebot3_example/catkin_generated/installspace/turtlebot3_sonar
	modified:   build/turtlebot3/turtlebot3_example/catkin_generated/ordered_paths.cmake
	modified:   build/turtlebot3/turtlebot3_example/catkin_generated/python_distutils_install.sh
	modified:   build/turtlebot3/turtlebot3_example/cmake/turtlebot3_example-genmsg-context.py
	modified:   build/turtlebot3/turtlebot3_example/cmake/turtlebot3_example-genmsg.cmake
	modified:   build/turtlebot3/turtlebot3_example/cmake_install.cmake
	modified:   build/turtlebot3/turtlebot3_navigation/CMakeFiles/CMakeDirectoryInformation.cmake
	modified:   build/turtlebot3/turtlebot3_navigation/Makefile
	modified:   build/turtlebot3/turtlebot3_navigation/catkin_generated/installspace/turtlebot3_navigationConfig.cmake
	modified:   build/turtlebot3/turtlebot3_slam/CMakeFiles/CMakeDirectoryInformation.cmake
	modified:   build/turtlebot3/turtlebot3_slam/CMakeFiles/flat_world_imu_node.dir/CXX.includecache
	modified:   build/turtlebot3/turtlebot3_slam/CMakeFiles/flat_world_imu_node.dir/DependInfo.cmake
	modified:   build/turtlebot3/turtlebot3_slam/CMakeFiles/flat_world_imu_node.dir/build.make
	modified:   build/turtlebot3/turtlebot3_slam/CMakeFiles/flat_world_imu_node.dir/cmake_clean.cmake
	modified:   build/turtlebot3/turtlebot3_slam/CMakeFiles/flat_world_imu_node.dir/depend.internal
	modified:   build/turtlebot3/turtlebot3_slam/CMakeFiles/flat_world_imu_node.dir/depend.make
	modified:   build/turtlebot3/turtlebot3_slam/CMakeFiles/flat_world_imu_node.dir/flags.make
	modified:   build/turtlebot3/turtlebot3_slam/CMakeFiles/flat_world_imu_node.dir/link.txt
	modified:   build/turtlebot3/turtlebot3_slam/CMakeFiles/flat_world_imu_node.dir/progress.make
	modified:   build/turtlebot3/turtlebot3_slam/CMakeFiles/flat_world_imu_node.dir/src/flat_world_imu_node.cpp.o
	modified:   build/turtlebot3/turtlebot3_slam/CMakeFiles/progress.marks
	modified:   build/turtlebot3/turtlebot3_slam/Makefile
	modified:   build/turtlebot3/turtlebot3_slam/catkin_generated/installspace/turtlebot3_slamConfig.cmake
	modified:   build/turtlebot3/turtlebot3_slam/catkin_generated/ordered_paths.cmake
	modified:   build/turtlebot3/turtlebot3_slam/cmake_install.cmake
	modified:   build/turtlebot3/turtlebot3_teleop/CMakeFiles/CMakeDirectoryInformation.cmake
	modified:   build/turtlebot3/turtlebot3_teleop/Makefile
	modified:   build/turtlebot3/turtlebot3_teleop/catkin_generated/installspace/turtlebot3_teleopConfig.cmake
	modified:   build/turtlebot3/turtlebot3_teleop/catkin_generated/installspace/turtlebot3_teleop_key
	modified:   build/turtlebot3/turtlebot3_teleop/catkin_generated/ordered_paths.cmake
	modified:   build/turtlebot3/turtlebot3_teleop/catkin_generated/python_distutils_install.sh
	modified:   build/turtlebot3_msgs/CMakeFiles/CMakeDirectoryInformation.cmake
	modified:   build/turtlebot3_msgs/CMakeFiles/_turtlebot3_msgs_generate_messages_check_deps_SensorState.dir/build.make
	modified:   build/turtlebot3_msgs/CMakeFiles/_turtlebot3_msgs_generate_messages_check_deps_SensorState.dir/depend.internal
	modified:   build/turtlebot3_msgs/CMakeFiles/_turtlebot3_msgs_generate_messages_check_deps_SensorState.dir/depend.make
	modified:   build/turtlebot3_msgs/CMakeFiles/_turtlebot3_msgs_generate_messages_check_deps_Sound.dir/build.make
	modified:   build/turtlebot3_msgs/CMakeFiles/_turtlebot3_msgs_generate_messages_check_deps_Sound.dir/depend.internal
	modified:   build/turtlebot3_msgs/CMakeFiles/_turtlebot3_msgs_generate_messages_check_deps_Sound.dir/depend.make
	modified:   build/turtlebot3_msgs/CMakeFiles/_turtlebot3_msgs_generate_messages_check_deps_VersionInfo.dir/build.make
	modified:   build/turtlebot3_msgs/CMakeFiles/_turtlebot3_msgs_generate_messages_check_deps_VersionInfo.dir/depend.internal
	modified:   build/turtlebot3_msgs/CMakeFiles/_turtlebot3_msgs_generate_messages_check_deps_VersionInfo.dir/depend.make
	modified:   build/turtlebot3_msgs/CMakeFiles/progress.marks
	deleted:    build/turtlebot3_msgs/CMakeFiles/std_msgs_generate_messages_cpp.dir/DependInfo.cmake
	deleted:    build/turtlebot3_msgs/CMakeFiles/std_msgs_generate_messages_cpp.dir/build.make
	deleted:    build/turtlebot3_msgs/CMakeFiles/std_msgs_generate_messages_cpp.dir/cmake_clean.cmake
	deleted:    build/turtlebot3_msgs/CMakeFiles/std_msgs_generate_messages_cpp.dir/depend.internal
	deleted:    build/turtlebot3_msgs/CMakeFiles/std_msgs_generate_messages_cpp.dir/depend.make
	deleted:    build/turtlebot3_msgs/CMakeFiles/std_msgs_generate_messages_cpp.dir/progress.make
	deleted:    build/turtlebot3_msgs/CMakeFiles/std_msgs_generate_messages_eus.dir/DependInfo.cmake
	deleted:    build/turtlebot3_msgs/CMakeFiles/std_msgs_generate_messages_eus.dir/build.make
	deleted:    build/turtlebot3_msgs/CMakeFiles/std_msgs_generate_messages_eus.dir/cmake_clean.cmake
	deleted:    build/turtlebot3_msgs/CMakeFiles/std_msgs_generate_messages_eus.dir/depend.internal
	deleted:    build/turtlebot3_msgs/CMakeFiles/std_msgs_generate_messages_eus.dir/depend.make
	deleted:    build/turtlebot3_msgs/CMakeFiles/std_msgs_generate_messages_eus.dir/progress.make
	deleted:    build/turtlebot3_msgs/CMakeFiles/std_msgs_generate_messages_lisp.dir/DependInfo.cmake
	deleted:    build/turtlebot3_msgs/CMakeFiles/std_msgs_generate_messages_lisp.dir/build.make
	deleted:    build/turtlebot3_msgs/CMakeFiles/std_msgs_generate_messages_lisp.dir/cmake_clean.cmake
	deleted:    build/turtlebot3_msgs/CMakeFiles/std_msgs_generate_messages_lisp.dir/depend.internal
	deleted:    build/turtlebot3_msgs/CMakeFiles/std_msgs_generate_messages_lisp.dir/depend.make
	deleted:    build/turtlebot3_msgs/CMakeFiles/std_msgs_generate_messages_lisp.dir/progress.make
	deleted:    build/turtlebot3_msgs/CMakeFiles/std_msgs_generate_messages_nodejs.dir/DependInfo.cmake
	deleted:    build/turtlebot3_msgs/CMakeFiles/std_msgs_generate_messages_nodejs.dir/build.make
	deleted:    build/turtlebot3_msgs/CMakeFiles/std_msgs_generate_messages_nodejs.dir/cmake_clean.cmake
	deleted:    build/turtlebot3_msgs/CMakeFiles/std_msgs_generate_messages_nodejs.dir/depend.internal
	deleted:    build/turtlebot3_msgs/CMakeFiles/std_msgs_generate_messages_nodejs.dir/depend.make
	deleted:    build/turtlebot3_msgs/CMakeFiles/std_msgs_generate_messages_nodejs.dir/progress.make
	deleted:    build/turtlebot3_msgs/CMakeFiles/std_msgs_generate_messages_py.dir/DependInfo.cmake
	deleted:    build/turtlebot3_msgs/CMakeFiles/std_msgs_generate_messages_py.dir/build.make
	deleted:    build/turtlebot3_msgs/CMakeFiles/std_msgs_generate_messages_py.dir/cmake_clean.cmake
	deleted:    build/turtlebot3_msgs/CMakeFiles/std_msgs_generate_messages_py.dir/depend.internal
	deleted:    build/turtlebot3_msgs/CMakeFiles/std_msgs_generate_messages_py.dir/depend.make
	deleted:    build/turtlebot3_msgs/CMakeFiles/std_msgs_generate_messages_py.dir/progress.make
	modified:   build/turtlebot3_msgs/CMakeFiles/turtlebot3_msgs_gencpp.dir/build.make
	modified:   build/turtlebot3_msgs/CMakeFiles/turtlebot3_msgs_generate_messages.dir/build.make
	modified:   build/turtlebot3_msgs/CMakeFiles/turtlebot3_msgs_generate_messages.dir/depend.internal
	modified:   build/turtlebot3_msgs/CMakeFiles/turtlebot3_msgs_generate_messages.dir/depend.make
	modified:   build/turtlebot3_msgs/CMakeFiles/turtlebot3_msgs_generate_messages_cpp.dir/build.make
	modified:   build/turtlebot3_msgs/CMakeFiles/turtlebot3_msgs_generate_messages_cpp.dir/cmake_clean.cmake
	modified:   build/turtlebot3_msgs/CMakeFiles/turtlebot3_msgs_generate_messages_cpp.dir/depend.internal
	modified:   build/turtlebot3_msgs/CMakeFiles/turtlebot3_msgs_generate_messages_cpp.dir/depend.make
	modified:   build/turtlebot3_msgs/CMakeFiles/turtlebot3_msgs_generate_messages_cpp.dir/progress.make
	modified:   build/turtlebot3_msgs/CMakeFiles/turtlebot3_msgs_generate_messages_eus.dir/build.make
	modified:   build/turtlebot3_msgs/CMakeFiles/turtlebot3_msgs_generate_messages_eus.dir/cmake_clean.cmake
	modified:   build/turtlebot3_msgs/CMakeFiles/turtlebot3_msgs_generate_messages_eus.dir/depend.internal
	modified:   build/turtlebot3_msgs/CMakeFiles/turtlebot3_msgs_generate_messages_eus.dir/depend.make
	modified:   build/turtlebot3_msgs/CMakeFiles/turtlebot3_msgs_generate_messages_eus.dir/progress.make
	modified:   build/turtlebot3_msgs/CMakeFiles/turtlebot3_msgs_generate_messages_lisp.dir/build.make
	modified:   build/turtlebot3_msgs/CMakeFiles/turtlebot3_msgs_generate_messages_lisp.dir/cmake_clean.cmake
	modified:   build/turtlebot3_msgs/CMakeFiles/turtlebot3_msgs_generate_messages_lisp.dir/depend.internal
	modified:   build/turtlebot3_msgs/CMakeFiles/turtlebot3_msgs_generate_messages_lisp.dir/depend.make
	modified:   build/turtlebot3_msgs/CMakeFiles/turtlebot3_msgs_generate_messages_lisp.dir/progress.make
	modified:   build/turtlebot3_msgs/CMakeFiles/turtlebot3_msgs_generate_messages_nodejs.dir/build.make
	modified:   build/turtlebot3_msgs/CMakeFiles/turtlebot3_msgs_generate_messages_nodejs.dir/cmake_clean.cmake
	modified:   build/turtlebot3_msgs/CMakeFiles/turtlebot3_msgs_generate_messages_nodejs.dir/depend.internal
	modified:   build/turtlebot3_msgs/CMakeFiles/turtlebot3_msgs_generate_messages_nodejs.dir/depend.make
	modified:   build/turtlebot3_msgs/CMakeFiles/turtlebot3_msgs_generate_messages_nodejs.dir/progress.make
	modified:   build/turtlebot3_msgs/CMakeFiles/turtlebot3_msgs_generate_messages_py.dir/build.make
	modified:   build/turtlebot3_msgs/CMakeFiles/turtlebot3_msgs_generate_messages_py.dir/cmake_clean.cmake
	modified:   build/turtlebot3_msgs/CMakeFiles/turtlebot3_msgs_generate_messages_py.dir/depend.internal
	modified:   build/turtlebot3_msgs/CMakeFiles/turtlebot3_msgs_generate_messages_py.dir/depend.make
	modified:   build/turtlebot3_msgs/CMakeFiles/turtlebot3_msgs_generate_messages_py.dir/progress.make
	modified:   build/turtlebot3_msgs/CMakeFiles/turtlebot3_msgs_geneus.dir/build.make
	modified:   build/turtlebot3_msgs/CMakeFiles/turtlebot3_msgs_genlisp.dir/build.make
	modified:   build/turtlebot3_msgs/CMakeFiles/turtlebot3_msgs_gennodejs.dir/build.make
	modified:   build/turtlebot3_msgs/CMakeFiles/turtlebot3_msgs_genpy.dir/build.make
	modified:   build/turtlebot3_msgs/Makefile
	modified:   build/turtlebot3_msgs/catkin_generated/installspace/turtlebot3_msgsConfig.cmake
	modified:   build/turtlebot3_msgs/catkin_generated/ordered_paths.cmake
	modified:   build/turtlebot3_msgs/cmake/turtlebot3_msgs-genmsg-context.py
	modified:   build/turtlebot3_msgs/cmake/turtlebot3_msgs-genmsg.cmake
	modified:   build/turtlebot3_msgs/cmake_install.cmake
	modified:   devel/_setup_util.py
	modified:   devel/include/turtlebot3_example/Turtlebot3Action.h
	modified:   devel/include/turtlebot3_example/Turtlebot3ActionFeedback.h
	modified:   devel/include/turtlebot3_example/Turtlebot3ActionGoal.h
	modified:   devel/include/turtlebot3_example/Turtlebot3ActionResult.h
	modified:   devel/include/turtlebot3_example/Turtlebot3Feedback.h
	modified:   devel/include/turtlebot3_example/Turtlebot3Goal.h
	modified:   devel/include/turtlebot3_example/Turtlebot3Result.h
	modified:   devel/include/turtlebot3_msgs/SensorState.h
	modified:   devel/include/turtlebot3_msgs/Sound.h
	modified:   devel/include/turtlebot3_msgs/VersionInfo.h
	deleted:    devel/lib/python3/dist-packages/turtlebot3_example/__init__.py
	deleted:    devel/lib/python3/dist-packages/turtlebot3_example/msg/_Turtlebot3Action.py
	deleted:    devel/lib/python3/dist-packages/turtlebot3_example/msg/_Turtlebot3ActionFeedback.py
	deleted:    devel/lib/python3/dist-packages/turtlebot3_example/msg/_Turtlebot3ActionGoal.py
	deleted:    devel/lib/python3/dist-packages/turtlebot3_example/msg/_Turtlebot3ActionResult.py
	deleted:    devel/lib/python3/dist-packages/turtlebot3_example/msg/_Turtlebot3Feedback.py
	deleted:    devel/lib/python3/dist-packages/turtlebot3_example/msg/_Turtlebot3Goal.py
	deleted:    devel/lib/python3/dist-packages/turtlebot3_example/msg/_Turtlebot3Result.py
	deleted:    devel/lib/python3/dist-packages/turtlebot3_example/msg/__init__.py
	deleted:    devel/lib/python3/dist-packages/turtlebot3_msgs/__init__.py
	deleted:    devel/lib/python3/dist-packages/turtlebot3_msgs/msg/_SensorState.py
	deleted:    devel/lib/python3/dist-packages/turtlebot3_msgs/msg/_Sound.py
	deleted:    devel/lib/python3/dist-packages/turtlebot3_msgs/msg/_VersionInfo.py
	deleted:    devel/lib/python3/dist-packages/turtlebot3_msgs/msg/__init__.py
	deleted:    devel/lib/python3/dist-packages/turtlebot3_teleop/__init__.py
	modified:   devel/lib/turtlebot3_bringup/turtlebot3_diagnostics
	deleted:    devel/lib/turtlebot3_example/cmake.lock
	deleted:    devel/lib/turtlebot3_example/turtlebot3_bumper
	deleted:    devel/lib/turtlebot3_example/turtlebot3_client
	deleted:    devel/lib/turtlebot3_example/turtlebot3_cliff
	deleted:    devel/lib/turtlebot3_example/turtlebot3_illumination
	deleted:    devel/lib/turtlebot3_example/turtlebot3_marker_server
	deleted:    devel/lib/turtlebot3_example/turtlebot3_obstacle
	deleted:    devel/lib/turtlebot3_example/turtlebot3_pointop_key
	deleted:    devel/lib/turtlebot3_example/turtlebot3_server
	deleted:    devel/lib/turtlebot3_example/turtlebot3_sonar
	modified:   devel/lib/turtlebot3_slam/flat_world_imu_node
	deleted:    devel/lib/turtlebot3_teleop/cmake.lock
	deleted:    devel/lib/turtlebot3_teleop/turtlebot3_teleop_key
	modified:   devel/share/fira_maze/cmake/fira_mazeConfig.cmake
	modified:   devel/share/gennodejs/ros/turtlebot3_example/msg/Turtlebot3ActionFeedback.js
	modified:   devel/share/gennodejs/ros/turtlebot3_example/msg/Turtlebot3ActionGoal.js
	modified:   devel/share/gennodejs/ros/turtlebot3_example/msg/Turtlebot3Feedback.js
	modified:   devel/share/gennodejs/ros/turtlebot3_example/msg/Turtlebot3Result.js
	modified:   devel/share/gennodejs/ros/turtlebot3_example/msg/_index.js
	modified:   devel/share/gennodejs/ros/turtlebot3_msgs/msg/VersionInfo.js
	modified:   devel/share/gennodejs/ros/turtlebot3_msgs/msg/_index.js
	modified:   devel/share/roseus/ros/turtlebot3_example/manifest.l
	modified:   devel/share/roseus/ros/turtlebot3_msgs/manifest.l
	modified:   devel/share/roseus/ros/turtlebot3_msgs/msg/SensorState.l
	modified:   devel/share/roseus/ros/turtlebot3_msgs/msg/Sound.l
	modified:   devel/share/turtlebot3_bringup/cmake/turtlebot3_bringupConfig.cmake
	modified:   devel/share/turtlebot3_description/cmake/turtlebot3_descriptionConfig.cmake
	modified:   devel/share/turtlebot3_example/cmake/turtlebot3_exampleConfig.cmake
	modified:   devel/share/turtlebot3_msgs/cmake/turtlebot3_msgsConfig.cmake
	modified:   devel/share/turtlebot3_navigation/cmake/turtlebot3_navigationConfig.cmake
	modified:   devel/share/turtlebot3_slam/cmake/turtlebot3_slamConfig.cmake
	modified:   devel/share/turtlebot3_teleop/cmake/turtlebot3_teleopConfig.cmake
	modified:   src/fira_maze/launch/creativity.launch
	modified:   src/fira_maze/launch/part3.launch

Untracked files:
  (use "git add <file>..." to include in what will be committed)

	frames.gv
	frames.pdf
	temp.log

