Determining if the pthread_create exist failed with the following output:
Change Dir: /home/nathaniel/ROS-Maze-Bot/catkin_ws/build/CMakeFiles/CMakeTmp

Run Build Command:"/usr/bin/make" "cmTC_5a8fb/fast"
/usr/bin/make -f CMakeFiles/cmTC_5a8fb.dir/build.make CMakeFiles/cmTC_5a8fb.dir/build
make[1]: Entering directory '/home/nathaniel/ROS-Maze-Bot/catkin_ws/build/CMakeFiles/CMakeTmp'
Building C object CMakeFiles/cmTC_5a8fb.dir/CheckSymbolExists.c.o
/usr/bin/cc    -o CMakeFiles/cmTC_5a8fb.dir/CheckSymbolExists.c.o   -c /home/nathaniel/ROS-Maze-Bot/catkin_ws/build/CMakeFiles/CMakeTmp/CheckSymbolExists.c
Linking C executable cmTC_5a8fb
/usr/bin/cmake -E cmake_link_script CMakeFiles/cmTC_5a8fb.dir/link.txt --verbose=1
/usr/bin/cc      -rdynamic CMakeFiles/cmTC_5a8fb.dir/CheckSymbolExists.c.o  -o cmTC_5a8fb 
CMakeFiles/cmTC_5a8fb.dir/CheckSymbolExists.c.o: In function `main':
CheckSymbolExists.c:(.text+0x1b): undefined reference to `pthread_create'
collect2: error: ld returned 1 exit status
CMakeFiles/cmTC_5a8fb.dir/build.make:97: recipe for target 'cmTC_5a8fb' failed
make[1]: *** [cmTC_5a8fb] Error 1
make[1]: Leaving directory '/home/nathaniel/ROS-Maze-Bot/catkin_ws/build/CMakeFiles/CMakeTmp'
Makefile:126: recipe for target 'cmTC_5a8fb/fast' failed
make: *** [cmTC_5a8fb/fast] Error 2

File /home/nathaniel/ROS-Maze-Bot/catkin_ws/build/CMakeFiles/CMakeTmp/CheckSymbolExists.c:
/* */
#include <pthread.h>

int main(int argc, char** argv)
{
  (void)argv;
#ifndef pthread_create
  return ((int*)(&pthread_create))[argc];
#else
  (void)argc;
  return 0;
#endif
}

Determining if the function pthread_create exists in the pthreads failed with the following output:
Change Dir: /home/nathaniel/ROS-Maze-Bot/catkin_ws/build/CMakeFiles/CMakeTmp

Run Build Command:"/usr/bin/make" "cmTC_3e7ae/fast"
/usr/bin/make -f CMakeFiles/cmTC_3e7ae.dir/build.make CMakeFiles/cmTC_3e7ae.dir/build
make[1]: Entering directory '/home/nathaniel/ROS-Maze-Bot/catkin_ws/build/CMakeFiles/CMakeTmp'
Building C object CMakeFiles/cmTC_3e7ae.dir/CheckFunctionExists.c.o
/usr/bin/cc   -DCHECK_FUNCTION_EXISTS=pthread_create   -o CMakeFiles/cmTC_3e7ae.dir/CheckFunctionExists.c.o   -c /usr/share/cmake-3.10/Modules/CheckFunctionExists.c
Linking C executable cmTC_3e7ae
/usr/bin/cmake -E cmake_link_script CMakeFiles/cmTC_3e7ae.dir/link.txt --verbose=1
/usr/bin/cc  -DCHECK_FUNCTION_EXISTS=pthread_create    -rdynamic CMakeFiles/cmTC_3e7ae.dir/CheckFunctionExists.c.o  -o cmTC_3e7ae -lpthreads 
/usr/bin/ld: cannot find -lpthreads
collect2: error: ld returned 1 exit status
CMakeFiles/cmTC_3e7ae.dir/build.make:97: recipe for target 'cmTC_3e7ae' failed
make[1]: *** [cmTC_3e7ae] Error 1
make[1]: Leaving directory '/home/nathaniel/ROS-Maze-Bot/catkin_ws/build/CMakeFiles/CMakeTmp'
Makefile:126: recipe for target 'cmTC_3e7ae/fast' failed
make: *** [cmTC_3e7ae/fast] Error 2


